/home/liudong/CODE/before_work/beforework_env/bin/python /home/liudong/CODE/before_work/project_train/deal_pdf.py
公司名字为:明光浩淼安防科技股份公司
['浩淼科技:关于明光浩淼安防科技股份有限公司精选层挂牌申请文件的第一轮审查问询函.pdf']
浩淼科技:关于明光浩淼安防科技股份有限公司精选层挂牌申请文件的第一轮审查问询函.pdf
该文件没有回复字样
公司名字为:十堰市泰祥实业股份有限公司
['泰祥股份:关于落实挂牌委员会审议会议意见的函.pdf', '泰祥股份:关于十堰市泰祥实业股份有限公司精选层挂牌申请文件的审查问询函.pdf', '泰祥股份:北京市中伦律师事务所关于十堰市泰祥实业股份有限公司向不特定合格投资者公开发行并在精选层挂牌的补充法律意见书.pdf', '泰祥股份:公证天业会计师事务所（特殊普通合伙）关于十堰市泰祥实业股份有限公司精选层挂牌审议会议意见回复的专项说明.pdf', '泰祥股份:公证天业会计师事务所（特殊普通合伙）关于十堰市泰祥实业股份有限公司精选层挂牌申请文件的审查问询函中有关财务事项的回复.pdf', '泰祥股份:泰祥股份及长江保荐关于落实挂牌委员会审议会议意见的函之回复.pdf', '泰祥股份:关于十堰市泰祥实业股份有限公司精选层挂牌申请文件的审查问询函的回复.pdf']
泰祥股份:关于落实挂牌委员会审议会议意见的函.pdf
该文件没有回复字样
泰祥股份:关于十堰市泰祥实业股份有限公司精选层挂牌申请文件的审查问询函.pdf
该文件没有回复字样
泰祥股份:北京市中伦律师事务所关于十堰市泰祥实业股份有限公司向不特定合格投资者公开发行并在精选层挂牌的补充法律意见书.pdf
该文件没有回复字样
泰祥股份:公证天业会计师事务所（特殊普通合伙）关于十堰市泰祥实业股份有限公司精选层挂牌审议会议意见回复的专项说明.pdf
/home/liudong/CODE/before_work/project_train/company/十堰市泰祥实业股份有限公司/泰祥股份:公证天业会计师事务所（特殊普通合伙）关于十堰市泰祥实业股份有限公司精选层挂牌审议会议意见回复的专项说明.pdf
开始调用invoke_api
zip文件下载并解压成功
泰祥股份:公证天业会计师事务所（特殊普通合伙）关于十堰市泰祥实业股份有限公司精选层挂牌申请文件的审查问询函中有关财务事项的回复.pdf
/home/liudong/CODE/before_work/project_train/company/十堰市泰祥实业股份有限公司/泰祥股份:公证天业会计师事务所（特殊普通合伙）关于十堰市泰祥实业股份有限公司精选层挂牌申请文件的审查问询函中有关财务事项的回复.pdf
开始调用invoke_api
zip文件下载并解压成功
泰祥股份:泰祥股份及长江保荐关于落实挂牌委员会审议会议意见的函之回复.pdf
/home/liudong/CODE/before_work/project_train/company/十堰市泰祥实业股份有限公司/泰祥股份:泰祥股份及长江保荐关于落实挂牌委员会审议会议意见的函之回复.pdf
开始调用invoke_api
zip文件下载并解压成功
泰祥股份:关于十堰市泰祥实业股份有限公司精选层挂牌申请文件的审查问询函的回复.pdf
/home/liudong/CODE/before_work/project_train/company/十堰市泰祥实业股份有限公司/泰祥股份:关于十堰市泰祥实业股份有限公司精选层挂牌申请文件的审查问询函的回复.pdf
开始调用invoke_api
zip文件下载并解压成功
公司名字为:广东永顺生物制药股份有限公司
['永顺生物:广东君信律师事务所关于永顺生物的补充法律意见书（一).pdf', '永顺生物:关于广东永顺生物股份有限公司的精选层挂牌申请文件的审查问询函.pdf', '永顺生物:天健会计师事务所（特殊普通合伙）关于永顺生物第一轮问询的回复.pdf', '永顺生物:关于落实挂牌委员会审议会议意见的函.pdf', '永顺生物:永顺生物及中信建投证券关于第一轮问询的回复.pdf', '永顺生物:广东永顺生物制药股份有限公司关于落实挂牌委员会审议会议意见的函的回复.pdf']
永顺生物:广东君信律师事务所关于永顺生物的补充法律意见书（一).pdf
该文件没有回复字样
永顺生物:关于广东永顺生物股份有限公司的精选层挂牌申请文件的审查问询函.pdf
该文件没有回复字样
永顺生物:天健会计师事务所（特殊普通合伙）关于永顺生物第一轮问询的回复.pdf
/home/liudong/CODE/before_work/project_train/company/广东永顺生物制药股份有限公司/永顺生物:天健会计师事务所（特殊普通合伙）关于永顺生物第一轮问询的回复.pdf
开始调用invoke_api
zip文件下载并解压成功
永顺生物:关于落实挂牌委员会审议会议意见的函.pdf
该文件没有回复字样
永顺生物:永顺生物及中信建投证券关于第一轮问询的回复.pdf
/home/liudong/CODE/before_work/project_train/company/广东永顺生物制药股份有限公司/永顺生物:永顺生物及中信建投证券关于第一轮问询的回复.pdf
开始调用invoke_api
zip文件下载并解压成功
永顺生物:广东永顺生物制药股份有限公司关于落实挂牌委员会审议会议意见的函的回复.pdf
/home/liudong/CODE/before_work/project_train/company/广东永顺生物制药股份有限公司/永顺生物:广东永顺生物制药股份有限公司关于落实挂牌委员会审议会议意见的函的回复.pdf
开始调用invoke_api
zip文件下载并解压成功
公司名字为:浙江湖州金洁水务股份有限公司
['金洁水务:金洁水务及浙商证券关于第一轮问询的回复.pdf', '金洁水务:关于浙江湖州金洁水务股份有限公司向不特定合格投资者公开发行股票并在精选层挂牌的补充法律意见书（一）.pdf', '金洁水务:关于浙江湖州金洁水务股份有限公司精选层挂牌申请文件的第二轮审查问询函.pdf', '金洁水务:关于浙江湖州金洁水务股份有限公司精选层挂牌申请文件的审查问询函.pdf', '金洁水务:关于浙江湖州金洁水务股份有限公司精选层挂牌申请文件审查问询函中有关财务事项的说明.pdf']
金洁水务:金洁水务及浙商证券关于第一轮问询的回复.pdf
/home/liudong/CODE/before_work/project_train/company/浙江湖州金洁水务股份有限公司/金洁水务:金洁水务及浙商证券关于第一轮问询的回复.pdf
开始调用invoke_api
zip文件下载并解压成功
金洁水务:关于浙江湖州金洁水务股份有限公司向不特定合格投资者公开发行股票并在精选层挂牌的补充法律意见书（一）.pdf
该文件没有回复字样
金洁水务:关于浙江湖州金洁水务股份有限公司精选层挂牌申请文件的第二轮审查问询函.pdf
该文件没有回复字样
金洁水务:关于浙江湖州金洁水务股份有限公司精选层挂牌申请文件的审查问询函.pdf
该文件没有回复字样
金洁水务:关于浙江湖州金洁水务股份有限公司精选层挂牌申请文件审查问询函中有关财务事项的说明.pdf
该文件没有回复字样
公司名字为:江苏森萱医药股份有限公司
['森萱医药:江苏森萱医药股份有限公司关于落实挂牌委员会审议会议意见的函的回复.pdf', '森萱医药:天衡会计师事务所（特殊普通合伙）关于森萱医药第一轮问询的回复.pdf', '森萱医药:江苏汇典律师事务所关于森萱医药补充法律意见书（一）.pdf', '森萱医药:关于落实挂牌委员会审议会议意见的函.pdf', '森萱医药:森萱医药及开源证券关于第一轮问询的回复.pdf', '森萱医药:关于江苏森萱医药股份有限公司精选层挂牌申请文件的审查问询函.pdf']
森萱医药:江苏森萱医药股份有限公司关于落实挂牌委员会审议会议意见的函的回复.pdf
/home/liudong/CODE/before_work/project_train/company/江苏森萱医药股份有限公司/森萱医药:江苏森萱医药股份有限公司关于落实挂牌委员会审议会议意见的函的回复.pdf
开始调用invoke_api
zip文件下载并解压成功
森萱医药:天衡会计师事务所（特殊普通合伙）关于森萱医药第一轮问询的回复.pdf
/home/liudong/CODE/before_work/project_train/company/江苏森萱医药股份有限公司/森萱医药:天衡会计师事务所（特殊普通合伙）关于森萱医药第一轮问询的回复.pdf
开始调用invoke_api
zip文件下载并解压成功
森萱医药:江苏汇典律师事务所关于森萱医药补充法律意见书（一）.pdf
该文件没有回复字样
森萱医药:关于落实挂牌委员会审议会议意见的函.pdf
该文件没有回复字样
森萱医药:森萱医药及开源证券关于第一轮问询的回复.pdf
/home/liudong/CODE/before_work/project_train/company/江苏森萱医药股份有限公司/森萱医药:森萱医药及开源证券关于第一轮问询的回复.pdf
开始调用invoke_api
zip文件下载并解压成功
森萱医药:关于江苏森萱医药股份有限公司精选层挂牌申请文件的审查问询函.pdf
该文件没有回复字样
公司名字为:青岛康平高铁科技股份有限公司
['康平铁科:北京观韬中茂律师事务所关于康平铁科的补充法律意见书（一）.pdf', '康平铁科:康平铁科及浙商证券关于第一轮问询的回复.pdf', '康平铁科:致同会计师事务所（普通合伙企业）关于康平铁科第一轮问询的回复.pdf', '康平铁科:关于青岛康平高铁科技股份有限公司精选层挂牌申请文件的审查问询函.pdf', '康平铁科:关于青岛康平高铁科技股份有限公司精选层挂牌申请文件的第二轮审查问询函.pdf']
康平铁科:北京观韬中茂律师事务所关于康平铁科的补充法律意见书（一）.pdf
该文件没有回复字样
康平铁科:康平铁科及浙商证券关于第一轮问询的回复.pdf
/home/liudong/CODE/before_work/project_train/company/青岛康平高铁科技股份有限公司/康平铁科:康平铁科及浙商证券关于第一轮问询的回复.pdf
开始调用invoke_api
zip文件下载并解压成功
康平铁科:致同会计师事务所（普通合伙企业）关于康平铁科第一轮问询的回复.pdf
/home/liudong/CODE/before_work/project_train/company/青岛康平高铁科技股份有限公司/康平铁科:致同会计师事务所（普通合伙企业）关于康平铁科第一轮问询的回复.pdf
开始调用invoke_api
zip文件下载并解压成功
康平铁科:关于青岛康平高铁科技股份有限公司精选层挂牌申请文件的审查问询函.pdf
该文件没有回复字样
康平铁科:关于青岛康平高铁科技股份有限公司精选层挂牌申请文件的第二轮审查问询函.pdf
该文件没有回复字样
公司名字为:翰博高新材料（合肥）股份有限公司
['翰博高新:关于翰博高新材料（合肥）股份有限公司精选层挂牌申请文件的审查问询函.pdf', '翰博高新:关于落实挂牌委员会审议会议意见的函.pdf', '翰博高新:翰博高新材料（合肥）股份有限公司关于落实挂牌委员会审议会议意见的函的回复.pdf', '翰博高新:德恒上海律师事务所关于翰博高新的补充法律意见书（一）.pdf', '翰博高新:翰博高新及中信建投证券关于第一轮问询的回复.pdf', '翰博高新:天职国际会计师事务所（特殊普通合伙）关于翰博高新第一轮问询的回复.pdf']
翰博高新:关于翰博高新材料（合肥）股份有限公司精选层挂牌申请文件的审查问询函.pdf
该文件没有回复字样
翰博高新:关于落实挂牌委员会审议会议意见的函.pdf
该文件没有回复字样
翰博高新:翰博高新材料（合肥）股份有限公司关于落实挂牌委员会审议会议意见的函的回复.pdf
/home/liudong/CODE/before_work/project_train/company/翰博高新材料（合肥）股份有限公司/翰博高新:翰博高新材料（合肥）股份有限公司关于落实挂牌委员会审议会议意见的函的回复.pdf
开始调用invoke_api
zip文件下载并解压成功
翰博高新:德恒上海律师事务所关于翰博高新的补充法律意见书（一）.pdf
该文件没有回复字样
翰博高新:翰博高新及中信建投证券关于第一轮问询的回复.pdf
/home/liudong/CODE/before_work/project_train/company/翰博高新材料（合肥）股份有限公司/翰博高新:翰博高新及中信建投证券关于第一轮问询的回复.pdf
开始调用invoke_api
zip文件下载并解压成功
翰博高新:天职国际会计师事务所（特殊普通合伙）关于翰博高新第一轮问询的回复.pdf
/home/liudong/CODE/before_work/project_train/company/翰博高新材料（合肥）股份有限公司/翰博高新:天职国际会计师事务所（特殊普通合伙）关于翰博高新第一轮问询的回复.pdf
开始调用invoke_api
zip文件下载并解压成功
公司名字为:江西艾芬达暖通科技股份有限公司
[]
公司名字为:福建龙泰竹家居股份有限公司
['龙泰家居:立信会计师事务所（特殊普通合伙）关于龙泰家居第一轮问询的回复.pdf', '龙泰家居:上海市锦天城律师事务所关于龙泰家居补充法律意见书（一）.pdf', '龙泰家居:龙泰家居关于《关于落实挂牌委员会审议会议意见的函》的回复.pdf', '龙泰家居:关于福建龙泰竹家居股份有限公司精选层挂牌申请文件的审查问询函.pdf', '龙泰家居:关于落实挂牌委员会审议会议意见的函.pdf', '龙泰家居:龙泰家居及兴业证券关于第一轮问询的回复.pdf']
龙泰家居:立信会计师事务所（特殊普通合伙）关于龙泰家居第一轮问询的回复.pdf
/home/liudong/CODE/before_work/project_train/company/福建龙泰竹家居股份有限公司/龙泰家居:立信会计师事务所（特殊普通合伙）关于龙泰家居第一轮问询的回复.pdf
开始调用invoke_api
zip文件下载并解压成功
龙泰家居:上海市锦天城律师事务所关于龙泰家居补充法律意见书（一）.pdf
该文件没有回复字样
龙泰家居:龙泰家居关于《关于落实挂牌委员会审议会议意见的函》的回复.pdf
/home/liudong/CODE/before_work/project_train/company/福建龙泰竹家居股份有限公司/龙泰家居:龙泰家居关于《关于落实挂牌委员会审议会议意见的函》的回复.pdf
开始调用invoke_api
zip文件下载并解压成功
龙泰家居:关于福建龙泰竹家居股份有限公司精选层挂牌申请文件的审查问询函.pdf
该文件没有回复字样
龙泰家居:关于落实挂牌委员会审议会议意见的函.pdf
该文件没有回复字样
龙泰家居:龙泰家居及兴业证券关于第一轮问询的回复.pdf
/home/liudong/CODE/before_work/project_train/company/福建龙泰竹家居股份有限公司/龙泰家居:龙泰家居及兴业证券关于第一轮问询的回复.pdf
开始调用invoke_api
zip文件下载并解压成功
公司名字为:合肥汇通控股股份有限公司
['汇通控股:关于合肥汇通控股股份有限公司精选层挂牌申请文件的审查问询函.pdf']
汇通控股:关于合肥汇通控股股份有限公司精选层挂牌申请文件的审查问询函.pdf
该文件没有回复字样
公司名字为:常州同惠电子股份有限公司
[]
公司名字为:中航富士达科技股份有限公司
['富士达:信永中和会计师事务所（特殊普通合伙）关于富士达精选层挂牌申请文件的审查问询函中有关财务事项的回复.pdf', '富士达:关于落实挂牌委员会审议会议意见的函的回复.pdf', '富士达:关于中航富士达科技股份有限公司精选层挂牌申请文件的审查问询函.pdf', '富士达:关于中航富士达科技股份有限公司精选层挂牌申请文件的审查问询函的回复.pdf', '富士达:上海市锦天城律师事务所关于中航富士达科技股份有限公司精选层挂牌的补充法律意见书（一).pdf', '富士达:关于落实挂牌委员会审议会议意见的函.pdf']
富士达:信永中和会计师事务所（特殊普通合伙）关于富士达精选层挂牌申请文件的审查问询函中有关财务事项的回复.pdf
/home/liudong/CODE/before_work/project_train/company/中航富士达科技股份有限公司/富士达:信永中和会计师事务所（特殊普通合伙）关于富士达精选层挂牌申请文件的审查问询函中有关财务事项的回复.pdf
开始调用invoke_api
zip文件下载并解压成功
富士达:关于落实挂牌委员会审议会议意见的函的回复.pdf
/home/liudong/CODE/before_work/project_train/company/中航富士达科技股份有限公司/富士达:关于落实挂牌委员会审议会议意见的函的回复.pdf
开始调用invoke_api
zip文件下载并解压成功
富士达:关于中航富士达科技股份有限公司精选层挂牌申请文件的审查问询函.pdf
该文件没有回复字样
富士达:关于中航富士达科技股份有限公司精选层挂牌申请文件的审查问询函的回复.pdf
/home/liudong/CODE/before_work/project_train/company/中航富士达科技股份有限公司/富士达:关于中航富士达科技股份有限公司精选层挂牌申请文件的审查问询函的回复.pdf
开始调用invoke_api
zip文件下载并解压成功
富士达:上海市锦天城律师事务所关于中航富士达科技股份有限公司精选层挂牌的补充法律意见书（一).pdf
该文件没有回复字样
富士达:关于落实挂牌委员会审议会议意见的函.pdf
该文件没有回复字样
公司名字为:江苏鹿得医疗电子股份有限公司
['鹿得医疗:关于江苏鹿得医疗电子股份有限公司精选层挂牌申请文件的审查问询函.pdf', '鹿得医疗:鹿得医疗及方正承销保荐关于第一轮问询的回复.pdf', '鹿得医疗:立信会计师事务所（特殊普通合伙）关于鹿得医疗第一轮问询的回复.pdf', '鹿得医疗:上海市锦天城律师事务所关于鹿得医疗的补充法律意见书（一）.pdf']
鹿得医疗:关于江苏鹿得医疗电子股份有限公司精选层挂牌申请文件的审查问询函.pdf
该文件没有回复字样
鹿得医疗:鹿得医疗及方正承销保荐关于第一轮问询的回复.pdf
/home/liudong/CODE/before_work/project_train/company/江苏鹿得医疗电子股份有限公司/鹿得医疗:鹿得医疗及方正承销保荐关于第一轮问询的回复.pdf
开始调用invoke_api
zip文件下载并解压成功
鹿得医疗:立信会计师事务所（特殊普通合伙）关于鹿得医疗第一轮问询的回复.pdf
/home/liudong/CODE/before_work/project_train/company/江苏鹿得医疗电子股份有限公司/鹿得医疗:立信会计师事务所（特殊普通合伙）关于鹿得医疗第一轮问询的回复.pdf
开始调用invoke_api
zip文件下载并解压成功
鹿得医疗:上海市锦天城律师事务所关于鹿得医疗的补充法律意见书（一）.pdf
该文件没有回复字样
公司名字为:北京中航泰达环保科技股份有限公司
['中航泰达:北京市中银律师事务所关于中航泰达的补充法律意见书（二）.pdf', '中航泰达:关于北京中航泰达环保科技股份有限公司精选层挂牌申请文件的审查问询函.pdf', '中航泰达:中航泰达关于落实挂牌委员会审议会议意见的函的回复.pdf', '中航泰达:北京中航泰达环保科技股份有限公司及中信建投证券股份有限公司关于第一轮问询的回复.pdf', '中航泰达:中兴财光华会计师事务所（特殊普通合伙）关于精选层挂牌申请会后事项的审查问询函的回复.pdf', '中航泰达:北京市中银律师事务所关于中航泰达的补充法律意见书（一）.pdf', '中航泰达:关于落实挂牌委员会审议会议意见的函.pdf', '中航泰达:中航泰达及中信建投证券关于精选层挂牌申请会后事项的审查问询函的回复.pdf', '中航泰达:中兴财光华会计师事务所（特殊普通合伙）关于中航泰达第一轮问询的回复.pdf', '中航泰达:关于北京中航泰达环保科技股份有限公司精选层挂牌申请会后事项的审查问询函.pdf']
中航泰达:北京市中银律师事务所关于中航泰达的补充法律意见书（二）.pdf
该文件没有回复字样
中航泰达:关于北京中航泰达环保科技股份有限公司精选层挂牌申请文件的审查问询函.pdf
该文件没有回复字样
中航泰达:中航泰达关于落实挂牌委员会审议会议意见的函的回复.pdf
/home/liudong/CODE/before_work/project_train/company/北京中航泰达环保科技股份有限公司/中航泰达:中航泰达关于落实挂牌委员会审议会议意见的函的回复.pdf
开始调用invoke_api
zip文件下载并解压成功
中航泰达:北京中航泰达环保科技股份有限公司及中信建投证券股份有限公司关于第一轮问询的回复.pdf
/home/liudong/CODE/before_work/project_train/company/北京中航泰达环保科技股份有限公司/中航泰达:北京中航泰达环保科技股份有限公司及中信建投证券股份有限公司关于第一轮问询的回复.pdf
开始调用invoke_api
zip文件下载并解压成功
中航泰达:中兴财光华会计师事务所（特殊普通合伙）关于精选层挂牌申请会后事项的审查问询函的回复.pdf
/home/liudong/CODE/before_work/project_train/company/北京中航泰达环保科技股份有限公司/中航泰达:中兴财光华会计师事务所（特殊普通合伙）关于精选层挂牌申请会后事项的审查问询函的回复.pdf
开始调用invoke_api
zip文件下载并解压成功
中航泰达:北京市中银律师事务所关于中航泰达的补充法律意见书（一）.pdf
该文件没有回复字样
中航泰达:关于落实挂牌委员会审议会议意见的函.pdf
该文件没有回复字样
中航泰达:中航泰达及中信建投证券关于精选层挂牌申请会后事项的审查问询函的回复.pdf
/home/liudong/CODE/before_work/project_train/company/北京中航泰达环保科技股份有限公司/中航泰达:中航泰达及中信建投证券关于精选层挂牌申请会后事项的审查问询函的回复.pdf
开始调用invoke_api
zip文件下载并解压成功
中航泰达:中兴财光华会计师事务所（特殊普通合伙）关于中航泰达第一轮问询的回复.pdf
/home/liudong/CODE/before_work/project_train/company/北京中航泰达环保科技股份有限公司/中航泰达:中兴财光华会计师事务所（特殊普通合伙）关于中航泰达第一轮问询的回复.pdf
开始调用invoke_api
zip文件下载并解压成功
中航泰达:关于北京中航泰达环保科技股份有限公司精选层挂牌申请会后事项的审查问询函.pdf
该文件没有回复字样
公司名字为:武汉微创光电股份有限公司
['微创光电:微创光电及安信证券关于第一轮问询的回复.pdf', '微创光电:上海市锦天城律师事务所关于微创光电的补充法律意见书（一）.pdf', '微创光电:关于落实挂牌委员会审议会议意见的函.pdf', '微创光电:武汉微创光电股份有限公司关于落实挂牌委员会审议会议意见的函的回复.pdf', '微创光电:大信会计师事务所（普通合伙企业）关于微创光电第一轮问询的回复.pdf']
微创光电:微创光电及安信证券关于第一轮问询的回复.pdf
/home/liudong/CODE/before_work/project_train/company/武汉微创光电股份有限公司/微创光电:微创光电及安信证券关于第一轮问询的回复.pdf
开始调用invoke_api
zip文件下载并解压成功
微创光电:上海市锦天城律师事务所关于微创光电的补充法律意见书（一）.pdf
该文件没有回复字样
微创光电:关于落实挂牌委员会审议会议意见的函.pdf
该文件没有回复字样
微创光电:武汉微创光电股份有限公司关于落实挂牌委员会审议会议意见的函的回复.pdf
/home/liudong/CODE/before_work/project_train/company/武汉微创光电股份有限公司/微创光电:武汉微创光电股份有限公司关于落实挂牌委员会审议会议意见的函的回复.pdf
开始调用invoke_api
zip文件下载并解压成功
微创光电:大信会计师事务所（普通合伙企业）关于微创光电第一轮问询的回复.pdf
/home/liudong/CODE/before_work/project_train/company/武汉微创光电股份有限公司/微创光电:大信会计师事务所（普通合伙企业）关于微创光电第一轮问询的回复.pdf
开始调用invoke_api
zip文件下载并解压成功
公司名字为:宁夏凯添燃气发展股份有限公司
['凯添燃气:信永中和关于落实挂牌委员会审议意见的函的回复.pdf', '凯添燃气:凯添燃气及申万宏源承销保荐关于落实挂牌委员会审议会议意见的函的回复.pdf', '凯添燃气:关于宁夏凯添燃气发展股份有限公司精选层挂牌申请文件的审查问询函.pdf', '凯添燃气:信永中和会计师事务所（特殊普通合伙）关于凯添燃气第一轮问询的回复.pdf', '凯添燃气:国浩律师（上海）事务所关于凯添燃气的补充法律意见书（二）.pdf', '凯添燃气:关于落实挂牌委员会审议会议意见的函.pdf', '凯添燃气:国浩律师（上海）事务所关于凯添燃气的补充法律意见书（一）.pdf', '凯添燃气:凯添燃气及申万宏源承销保荐关于第一轮问询的回复.pdf']
凯添燃气:信永中和关于落实挂牌委员会审议意见的函的回复.pdf
/home/liudong/CODE/before_work/project_train/company/宁夏凯添燃气发展股份有限公司/凯添燃气:信永中和关于落实挂牌委员会审议意见的函的回复.pdf
开始调用invoke_api
zip文件下载并解压成功
凯添燃气:凯添燃气及申万宏源承销保荐关于落实挂牌委员会审议会议意见的函的回复.pdf
/home/liudong/CODE/before_work/project_train/company/宁夏凯添燃气发展股份有限公司/凯添燃气:凯添燃气及申万宏源承销保荐关于落实挂牌委员会审议会议意见的函的回复.pdf
开始调用invoke_api
zip文件下载并解压成功
凯添燃气:关于宁夏凯添燃气发展股份有限公司精选层挂牌申请文件的审查问询函.pdf
该文件没有回复字样
凯添燃气:信永中和会计师事务所（特殊普通合伙）关于凯添燃气第一轮问询的回复.pdf
/home/liudong/CODE/before_work/project_train/company/宁夏凯添燃气发展股份有限公司/凯添燃气:信永中和会计师事务所（特殊普通合伙）关于凯添燃气第一轮问询的回复.pdf
开始调用invoke_api
zip文件下载并解压成功
凯添燃气:国浩律师（上海）事务所关于凯添燃气的补充法律意见书（二）.pdf
该文件没有回复字样
凯添燃气:关于落实挂牌委员会审议会议意见的函.pdf
该文件没有回复字样
凯添燃气:国浩律师（上海）事务所关于凯添燃气的补充法律意见书（一）.pdf
该文件没有回复字样
凯添燃气:凯添燃气及申万宏源承销保荐关于第一轮问询的回复.pdf
/home/liudong/CODE/before_work/project_train/company/宁夏凯添燃气发展股份有限公司/凯添燃气:凯添燃气及申万宏源承销保荐关于第一轮问询的回复.pdf
开始调用invoke_api
zip文件下载并解压成功
公司名字为:上海创远仪器技术股份有限公司
['创远仪器:关于上海创远仪器技术股份有限公司落实挂牌委员会审议会议意见的函有关财务问题回复的专项说明.pdf', '创远仪器:关于落实挂牌委员会审议会议意见的函.pdf', '创远仪器:关于上海创远仪器技术股份有限公司精选层挂牌申请文件的审查问询函.pdf', '创远仪器:北京大成律师事务所关于创远仪器的补充法律意见书（一）.pdf', '创远仪器:上海创远仪器技术股份有限公司及中信建投证券股份有限公司关于第一轮问询的回复.pdf', '创远仪器:上海创远仪器技术股份有限公司关于落实挂牌委员会审议会议意见的函的回复.pdf', '创远仪器:中汇会计师事务所（特殊普通合伙）关于创远仪器第一轮问询的回复.pdf']
创远仪器:关于上海创远仪器技术股份有限公司落实挂牌委员会审议会议意见的函有关财务问题回复的专项说明.pdf
/home/liudong/CODE/before_work/project_train/company/上海创远仪器技术股份有限公司/创远仪器:关于上海创远仪器技术股份有限公司落实挂牌委员会审议会议意见的函有关财务问题回复的专项说明.pdf
开始调用invoke_api
zip文件下载并解压成功
创远仪器:关于落实挂牌委员会审议会议意见的函.pdf
该文件没有回复字样
创远仪器:关于上海创远仪器技术股份有限公司精选层挂牌申请文件的审查问询函.pdf
该文件没有回复字样
创远仪器:北京大成律师事务所关于创远仪器的补充法律意见书（一）.pdf
该文件没有回复字样
创远仪器:上海创远仪器技术股份有限公司及中信建投证券股份有限公司关于第一轮问询的回复.pdf
/home/liudong/CODE/before_work/project_train/company/上海创远仪器技术股份有限公司/创远仪器:上海创远仪器技术股份有限公司及中信建投证券股份有限公司关于第一轮问询的回复.pdf
开始调用invoke_api
zip文件下载并解压成功
创远仪器:上海创远仪器技术股份有限公司关于落实挂牌委员会审议会议意见的函的回复.pdf
/home/liudong/CODE/before_work/project_train/company/上海创远仪器技术股份有限公司/创远仪器:上海创远仪器技术股份有限公司关于落实挂牌委员会审议会议意见的函的回复.pdf
开始调用invoke_api
zip文件下载并解压成功
创远仪器:中汇会计师事务所（特殊普通合伙）关于创远仪器第一轮问询的回复.pdf
/home/liudong/CODE/before_work/project_train/company/上海创远仪器技术股份有限公司/创远仪器:中汇会计师事务所（特殊普通合伙）关于创远仪器第一轮问询的回复.pdf
开始调用invoke_api
zip文件下载并解压成功
公司名字为:武汉亿童文教股份有限公司
['亿童文教:关于武汉亿童文教股份有限公司精选层挂牌申请文件的审查问询函.pdf']
亿童文教:关于武汉亿童文教股份有限公司精选层挂牌申请文件的审查问询函.pdf
该文件没有回复字样
公司名字为:山东数字人科技股份有限公司
['数字人:天健会计师事务所（特殊普通合伙）关于数字人第一轮问询的回复.pdf', '数字人:数字人及安信证券关于第一轮问询的回复.pdf', '数字人:关于山东数字人科技股份有限公司精选层挂牌申请文件的审查问询函.pdf', '数字人:北京市康达律师事务所关于数字人的补充法律意见书.pdf', '数字人:北京市康达律师事务所关于数字人的补充法律意见书（二）.pdf', '数字人:数字人及安信证券关于第二轮问询的回复.pdf', '数字人:天健会计师事务所（特殊普通合伙）关于数字人第二轮问询的回复.pdf', '数字人:关于山东数字人科技股份有限公司精选层挂牌申请文件的第二轮审查问询函.pdf']
数字人:天健会计师事务所（特殊普通合伙）关于数字人第一轮问询的回复.pdf
/home/liudong/CODE/before_work/project_train/company/山东数字人科技股份有限公司/数字人:天健会计师事务所（特殊普通合伙）关于数字人第一轮问询的回复.pdf
开始调用invoke_api
zip文件下载并解压成功
数字人:数字人及安信证券关于第一轮问询的回复.pdf
/home/liudong/CODE/before_work/project_train/company/山东数字人科技股份有限公司/数字人:数字人及安信证券关于第一轮问询的回复.pdf
开始调用invoke_api
zip文件下载并解压成功
数字人:关于山东数字人科技股份有限公司精选层挂牌申请文件的审查问询函.pdf
该文件没有回复字样
数字人:北京市康达律师事务所关于数字人的补充法律意见书.pdf
该文件没有回复字样
数字人:北京市康达律师事务所关于数字人的补充法律意见书（二）.pdf
该文件没有回复字样
数字人:数字人及安信证券关于第二轮问询的回复.pdf
/home/liudong/CODE/before_work/project_train/company/山东数字人科技股份有限公司/数字人:数字人及安信证券关于第二轮问询的回复.pdf
开始调用invoke_api
zip文件下载并解压成功
数字人:天健会计师事务所（特殊普通合伙）关于数字人第二轮问询的回复.pdf
/home/liudong/CODE/before_work/project_train/company/山东数字人科技股份有限公司/数字人:天健会计师事务所（特殊普通合伙）关于数字人第二轮问询的回复.pdf
开始调用invoke_api
zip文件下载并解压成功
数字人:关于山东数字人科技股份有限公司精选层挂牌申请文件的第二轮审查问询函.pdf
该文件没有回复字样
公司名字为:四川省羌山农牧科技股份有限公司
['羌山农牧:关于四川省羌山农牧科技股份有限公司精选层挂牌申请文件的审查问询函.pdf']
羌山农牧:关于四川省羌山农牧科技股份有限公司精选层挂牌申请文件的审查问询函.pdf
该文件没有回复字样
公司名字为:浙江佳力科技股份有限公司
['佳力科技:佳力科技及首创证券关于第二轮问询的回复.pdf', '佳力科技:关于浙江佳力科技股份有限公司精选层挂牌申请文件的第二轮审查问询函.pdf', '佳力科技:上海市广发律师事务所关于佳力科技的补充法律意见书（二）.pdf', '佳力科技:中审亚太会计师事务所（特殊普通合伙）关于佳力科技第一轮问询的回复.pdf', '佳力科技:佳力科技及首创证券关于第一轮问询的回复.pdf', '佳力科技:关于浙江佳力科技股份有限公司精选层挂牌申请文件的第三轮审查问询函.pdf', '佳力科技:中审亚太会计师事务所（特殊普通合伙）关于佳力科技第二轮问询的回复.pdf', '佳力科技:上海市广发律师事务所关于佳力科技的补充法律意见书（一）.pdf', '佳力科技:关于浙江佳力科技股份有限公司精选层挂牌申请文件的审查问询函.pdf']
佳力科技:佳力科技及首创证券关于第二轮问询的回复.pdf
/home/liudong/CODE/before_work/project_train/company/浙江佳力科技股份有限公司/佳力科技:佳力科技及首创证券关于第二轮问询的回复.pdf
开始调用invoke_api
zip文件下载并解压成功
佳力科技:关于浙江佳力科技股份有限公司精选层挂牌申请文件的第二轮审查问询函.pdf
该文件没有回复字样
佳力科技:上海市广发律师事务所关于佳力科技的补充法律意见书（二）.pdf
该文件没有回复字样
佳力科技:中审亚太会计师事务所（特殊普通合伙）关于佳力科技第一轮问询的回复.pdf
/home/liudong/CODE/before_work/project_train/company/浙江佳力科技股份有限公司/佳力科技:中审亚太会计师事务所（特殊普通合伙）关于佳力科技第一轮问询的回复.pdf
开始调用invoke_api
zip文件下载并解压成功
佳力科技:佳力科技及首创证券关于第一轮问询的回复.pdf
/home/liudong/CODE/before_work/project_train/company/浙江佳力科技股份有限公司/佳力科技:佳力科技及首创证券关于第一轮问询的回复.pdf
开始调用invoke_api
zip文件下载并解压成功
佳力科技:关于浙江佳力科技股份有限公司精选层挂牌申请文件的第三轮审查问询函.pdf
该文件没有回复字样
佳力科技:中审亚太会计师事务所（特殊普通合伙）关于佳力科技第二轮问询的回复.pdf
/home/liudong/CODE/before_work/project_train/company/浙江佳力科技股份有限公司/佳力科技:中审亚太会计师事务所（特殊普通合伙）关于佳力科技第二轮问询的回复.pdf
开始调用invoke_api
zip文件下载并解压成功
佳力科技:上海市广发律师事务所关于佳力科技的补充法律意见书（一）.pdf
该文件没有回复字样
佳力科技:关于浙江佳力科技股份有限公司精选层挂牌申请文件的审查问询函.pdf
该文件没有回复字样
公司名字为:上海艾融软件股份有限公司
['艾融软件:艾融软件及光大证券股份有限公司关于第一轮问询的回复.pdf', '艾融软件:上海天衍禾律师事务所关于艾融软件的补充法律意见书（一）.pdf', '艾融软件:关于上海艾融软件股份有限公司精选层挂牌申请文件的审查问询函.pdf', '艾融软件:天健会计师事务所（特殊普通合伙）关于艾融软件第一轮问询的回复.pdf']
艾融软件:艾融软件及光大证券股份有限公司关于第一轮问询的回复.pdf
/home/liudong/CODE/before_work/project_train/company/上海艾融软件股份有限公司/艾融软件:艾融软件及光大证券股份有限公司关于第一轮问询的回复.pdf
开始调用invoke_api
zip文件下载并解压成功
艾融软件:上海天衍禾律师事务所关于艾融软件的补充法律意见书（一）.pdf
该文件没有回复字样
艾融软件:关于上海艾融软件股份有限公司精选层挂牌申请文件的审查问询函.pdf
该文件没有回复字样
艾融软件:天健会计师事务所（特殊普通合伙）关于艾融软件第一轮问询的回复.pdf
/home/liudong/CODE/before_work/project_train/company/上海艾融软件股份有限公司/艾融软件:天健会计师事务所（特殊普通合伙）关于艾融软件第一轮问询的回复.pdf
开始调用invoke_api
zip文件下载并解压成功
公司名字为:内蒙古大唐药业股份有限公司
['大唐药业:关于落实挂牌委员会审议会议意见的函的回复大华核字[2020]006135号.pdf', '大唐药业:大唐药业及中泰证券关于第一轮问询的回复.pdf', '大唐药业:关于大唐药业股份有限公司精选层挂牌申请文件的审查问询函.pdf', '大唐药业:关于落实挂牌委员会审议会议意见的函.pdf', '大唐药业:内蒙古大唐药业股份有限公司关于落实挂牌委员会审议会议意见的函的回复.pdf', '大唐药业:大华会计师事务所（特殊普通合伙）关于内蒙古大唐药业股份有限公司精选层挂牌申请文件审查问询函中有关财务事项的回复.pdf', '大唐药业:北京中伦文德（武汉）律师事务所关于内蒙古大唐药业股份有限公司向不特定合格投资者公开发行股票并在精选层挂牌之补充法律意见书（一）.pdf']
大唐药业:关于落实挂牌委员会审议会议意见的函的回复大华核字[2020]006135号.pdf
/home/liudong/CODE/before_work/project_train/company/内蒙古大唐药业股份有限公司/大唐药业:关于落实挂牌委员会审议会议意见的函的回复大华核字[2020]006135号.pdf
开始调用invoke_api
zip文件下载并解压成功
大唐药业:大唐药业及中泰证券关于第一轮问询的回复.pdf
/home/liudong/CODE/before_work/project_train/company/内蒙古大唐药业股份有限公司/大唐药业:大唐药业及中泰证券关于第一轮问询的回复.pdf
开始调用invoke_api
zip文件下载并解压成功
大唐药业:关于大唐药业股份有限公司精选层挂牌申请文件的审查问询函.pdf
该文件没有回复字样
大唐药业:关于落实挂牌委员会审议会议意见的函.pdf
该文件没有回复字样
大唐药业:内蒙古大唐药业股份有限公司关于落实挂牌委员会审议会议意见的函的回复.pdf
/home/liudong/CODE/before_work/project_train/company/内蒙古大唐药业股份有限公司/大唐药业:内蒙古大唐药业股份有限公司关于落实挂牌委员会审议会议意见的函的回复.pdf
开始调用invoke_api
zip文件下载并解压成功
大唐药业:大华会计师事务所（特殊普通合伙）关于内蒙古大唐药业股份有限公司精选层挂牌申请文件审查问询函中有关财务事项的回复.pdf
/home/liudong/CODE/before_work/project_train/company/内蒙古大唐药业股份有限公司/大唐药业:大华会计师事务所（特殊普通合伙）关于内蒙古大唐药业股份有限公司精选层挂牌申请文件审查问询函中有关财务事项的回复.pdf
开始调用invoke_api
zip文件下载并解压成功
大唐药业:北京中伦文德（武汉）律师事务所关于内蒙古大唐药业股份有限公司向不特定合格投资者公开发行股票并在精选层挂牌之补充法律意见书（一）.pdf
该文件没有回复字样
公司名字为:苏州轴承厂股份有限公司
['苏轴股份:关于苏州轴承厂股份有限公司精选层挂牌申请文件的审查问询函.pdf', '苏轴股份:公证天业会计师事务所（特殊普通合伙）关于苏轴股份第一轮问询的回复.pdf', '苏轴股份:上海锦天城关于苏轴股份的补充法律意见书（一）.pdf', '苏轴股份:苏轴股份及东吴证券关于第一轮问询的回复.pdf']
苏轴股份:关于苏州轴承厂股份有限公司精选层挂牌申请文件的审查问询函.pdf
该文件没有回复字样
苏轴股份:公证天业会计师事务所（特殊普通合伙）关于苏轴股份第一轮问询的回复.pdf
/home/liudong/CODE/before_work/project_train/company/苏州轴承厂股份有限公司/苏轴股份:公证天业会计师事务所（特殊普通合伙）关于苏轴股份第一轮问询的回复.pdf
开始调用invoke_api
zip文件下载并解压成功
苏轴股份:上海锦天城关于苏轴股份的补充法律意见书（一）.pdf
该文件没有回复字样
苏轴股份:苏轴股份及东吴证券关于第一轮问询的回复.pdf
/home/liudong/CODE/before_work/project_train/company/苏州轴承厂股份有限公司/苏轴股份:苏轴股份及东吴证券关于第一轮问询的回复.pdf
开始调用invoke_api
zip文件下载并解压成功
公司名字为:云南生物谷药业股份有限公司
['生物谷:生物谷及华融证券关于第一轮问询的回复.pdf', '生物谷:关于云南生物谷药业股份有限公司精选层挂牌申请文件的审查问询函.pdf', '生物谷:北京市中伦律师事务所关于生物谷的补充法律意见书（一）.pdf', '生物谷:信永中和会计师事务所（特殊普通合伙）关于生物谷第一轮问询的回复.pdf', '生物谷:生物谷及华融证券关于落实挂牌委员会审议会议意见的函之回复.pdf', '生物谷:信永中和关于落实挂牌委员会审议会议意见的函的回复.pdf', '生物谷:关于落实挂牌委员会审议会议意见的函.pdf']
生物谷:生物谷及华融证券关于第一轮问询的回复.pdf
/home/liudong/CODE/before_work/project_train/company/云南生物谷药业股份有限公司/生物谷:生物谷及华融证券关于第一轮问询的回复.pdf
开始调用invoke_api
zip文件下载并解压成功
生物谷:关于云南生物谷药业股份有限公司精选层挂牌申请文件的审查问询函.pdf
该文件没有回复字样
生物谷:北京市中伦律师事务所关于生物谷的补充法律意见书（一）.pdf
该文件没有回复字样
生物谷:信永中和会计师事务所（特殊普通合伙）关于生物谷第一轮问询的回复.pdf
/home/liudong/CODE/before_work/project_train/company/云南生物谷药业股份有限公司/生物谷:信永中和会计师事务所（特殊普通合伙）关于生物谷第一轮问询的回复.pdf
开始调用invoke_api
zip文件下载并解压成功
生物谷:生物谷及华融证券关于落实挂牌委员会审议会议意见的函之回复.pdf
/home/liudong/CODE/before_work/project_train/company/云南生物谷药业股份有限公司/生物谷:生物谷及华融证券关于落实挂牌委员会审议会议意见的函之回复.pdf
开始调用invoke_api
zip文件下载并解压成功
生物谷:信永中和关于落实挂牌委员会审议会议意见的函的回复.pdf
/home/liudong/CODE/before_work/project_train/company/云南生物谷药业股份有限公司/生物谷:信永中和关于落实挂牌委员会审议会议意见的函的回复.pdf
开始调用invoke_api
zip文件下载并解压成功
生物谷:关于落实挂牌委员会审议会议意见的函.pdf
该文件没有回复字样
公司名字为:青岛建邦供应链股份有限公司
['建邦股份:关于青岛建邦供应链股份有限公司精选层挂牌申请文件的审查问询函.pdf', '建邦股份:青岛建邦供应链股份有限公司关于落实挂牌委员会审议会议意见的函之回复.pdf', '建邦股份:8-1建邦股份及申万宏源承销保荐关于第一轮问询的回复.pdf', '建邦股份:关于落实挂牌委员会审议会议意见的函.pdf', '建邦股份:8-2天职国际会计师事务所（特殊普通合伙）关于建邦股份第一轮问询的回复.pdf', '建邦股份:8-3上海市通力律师事务所关于建邦股份的补充法律意见书（一）.pdf']
建邦股份:关于青岛建邦供应链股份有限公司精选层挂牌申请文件的审查问询函.pdf
该文件没有回复字样
建邦股份:青岛建邦供应链股份有限公司关于落实挂牌委员会审议会议意见的函之回复.pdf
/home/liudong/CODE/before_work/project_train/company/青岛建邦供应链股份有限公司/建邦股份:青岛建邦供应链股份有限公司关于落实挂牌委员会审议会议意见的函之回复.pdf
开始调用invoke_api
zip文件下载并解压成功
建邦股份:8-1建邦股份及申万宏源承销保荐关于第一轮问询的回复.pdf
/home/liudong/CODE/before_work/project_train/company/青岛建邦供应链股份有限公司/建邦股份:8-1建邦股份及申万宏源承销保荐关于第一轮问询的回复.pdf
开始调用invoke_api
zip文件下载并解压成功
建邦股份:关于落实挂牌委员会审议会议意见的函.pdf
该文件没有回复字样
建邦股份:8-2天职国际会计师事务所（特殊普通合伙）关于建邦股份第一轮问询的回复.pdf
/home/liudong/CODE/before_work/project_train/company/青岛建邦供应链股份有限公司/建邦股份:8-2天职国际会计师事务所（特殊普通合伙）关于建邦股份第一轮问询的回复.pdf
开始调用invoke_api
zip文件下载并解压成功
建邦股份:8-3上海市通力律师事务所关于建邦股份的补充法律意见书（一）.pdf
该文件没有回复字样
公司名字为:新安洁环境卫生股份有限公司
['新安洁:关于落实挂牌委员会审议会议意见的函.pdf', '新安洁:新安洁：天健会计师事务所（特殊普通合伙）关于新安洁第一轮问询的回复.pdf', '新安洁:新安洁环境卫生股份有限公司关于落实挂牌委员会审议会议意见的回复.pdf', '新安洁:新安洁：新安洁及申万宏源承销保荐关于第一轮问询的回复.pdf', '新安洁:新安洁：重庆源伟律师事务所关于新安洁的补充法律意见书（一).pdf', '新安洁:关于新安洁环境卫生股份有限公司精选层挂牌申请文件的审查问询函.pdf']
新安洁:关于落实挂牌委员会审议会议意见的函.pdf
该文件没有回复字样
新安洁:新安洁：天健会计师事务所（特殊普通合伙）关于新安洁第一轮问询的回复.pdf
/home/liudong/CODE/before_work/project_train/company/新安洁环境卫生股份有限公司/新安洁:新安洁：天健会计师事务所（特殊普通合伙）关于新安洁第一轮问询的回复.pdf
开始调用invoke_api
zip文件下载并解压成功
新安洁:新安洁环境卫生股份有限公司关于落实挂牌委员会审议会议意见的回复.pdf
/home/liudong/CODE/before_work/project_train/company/新安洁环境卫生股份有限公司/新安洁:新安洁环境卫生股份有限公司关于落实挂牌委员会审议会议意见的回复.pdf
开始调用invoke_api
zip文件下载并解压成功
新安洁:新安洁：新安洁及申万宏源承销保荐关于第一轮问询的回复.pdf
/home/liudong/CODE/before_work/project_train/company/新安洁环境卫生股份有限公司/新安洁:新安洁：新安洁及申万宏源承销保荐关于第一轮问询的回复.pdf
开始调用invoke_api
zip文件下载并解压成功
新安洁:新安洁：重庆源伟律师事务所关于新安洁的补充法律意见书（一).pdf
该文件没有回复字样
新安洁:关于新安洁环境卫生股份有限公司精选层挂牌申请文件的审查问询函.pdf
该文件没有回复字样
公司名字为:河北润农节水科技股份有限公司
['润农节水:关于河北润农节水科技股份有限公司精选层挂牌申请文件的审查问询函.pdf', '润农节水:信永中和会计师事务所（特殊普通合伙）关于润农节水第一轮问询的回复.pdf', '润农节水:河北润农节水科技股份有限公司关于落实挂牌委员会审议会议意见的函的回复.pdf', '润农节水:北京市康达律师事务所关于润农节水的补充法律意见书（一）.pdf', '润农节水:关于落实挂牌委员会审议会议意见的函.pdf', '润农节水:润农节水及中信建投证券关于第一轮问询的回复.pdf']
润农节水:关于河北润农节水科技股份有限公司精选层挂牌申请文件的审查问询函.pdf
该文件没有回复字样
润农节水:信永中和会计师事务所（特殊普通合伙）关于润农节水第一轮问询的回复.pdf
/home/liudong/CODE/before_work/project_train/company/河北润农节水科技股份有限公司/润农节水:信永中和会计师事务所（特殊普通合伙）关于润农节水第一轮问询的回复.pdf
开始调用invoke_api
zip文件下载并解压成功
润农节水:河北润农节水科技股份有限公司关于落实挂牌委员会审议会议意见的函的回复.pdf
/home/liudong/CODE/before_work/project_train/company/河北润农节水科技股份有限公司/润农节水:河北润农节水科技股份有限公司关于落实挂牌委员会审议会议意见的函的回复.pdf
开始调用invoke_api
zip文件下载并解压成功
润农节水:北京市康达律师事务所关于润农节水的补充法律意见书（一）.pdf
该文件没有回复字样
润农节水:关于落实挂牌委员会审议会议意见的函.pdf
该文件没有回复字样
润农节水:润农节水及中信建投证券关于第一轮问询的回复.pdf
/home/liudong/CODE/before_work/project_train/company/河北润农节水科技股份有限公司/润农节水:润农节水及中信建投证券关于第一轮问询的回复.pdf
开始调用invoke_api
zip文件下载并解压成功
公司名字为:同享（苏州）电子材料科技股份有限公司
['同享科技:同享科技及中信建投证券关于第一轮问询的回复.pdf', '同享科技:中审众环会计师事务所（特殊普通合伙）关于同享科技第一轮问询的回复.pdf', '同享科技:上海市锦天城律师事务所关于同享科技的补充法律意见书（一）.pdf', '同享科技:关于同享(苏州)电子材料科技股份有限公司精选层挂牌申请文件的审查问询函.pdf']
同享科技:同享科技及中信建投证券关于第一轮问询的回复.pdf
/home/liudong/CODE/before_work/project_train/company/同享（苏州）电子材料科技股份有限公司/同享科技:同享科技及中信建投证券关于第一轮问询的回复.pdf
开始调用invoke_api
zip文件下载并解压成功
同享科技:中审众环会计师事务所（特殊普通合伙）关于同享科技第一轮问询的回复.pdf
/home/liudong/CODE/before_work/project_train/company/同享（苏州）电子材料科技股份有限公司/同享科技:中审众环会计师事务所（特殊普通合伙）关于同享科技第一轮问询的回复.pdf
开始调用invoke_api
zip文件下载并解压成功
同享科技:上海市锦天城律师事务所关于同享科技的补充法律意见书（一）.pdf
该文件没有回复字样
同享科技:关于同享(苏州)电子材料科技股份有限公司精选层挂牌申请文件的审查问询函.pdf
该文件没有回复字样
公司名字为:上海钢银电子商务股份有限公司
['钢银电商:天健会计师事务所（特殊普通合伙）关于钢银电商第一轮问询的回复.pdf', '钢银电商:钢银电商及中信建投证券关于第一轮问询的回复.pdf', '钢银电商:上海上正恒泰律师事务所关于钢银电商的补充法律意见书（一）.pdf']
钢银电商:天健会计师事务所（特殊普通合伙）关于钢银电商第一轮问询的回复.pdf
/home/liudong/CODE/before_work/project_train/company/上海钢银电子商务股份有限公司/钢银电商:天健会计师事务所（特殊普通合伙）关于钢银电商第一轮问询的回复.pdf
开始调用invoke_api
zip文件下载并解压成功
钢银电商:钢银电商及中信建投证券关于第一轮问询的回复.pdf
/home/liudong/CODE/before_work/project_train/company/上海钢银电子商务股份有限公司/钢银电商:钢银电商及中信建投证券关于第一轮问询的回复.pdf
开始调用invoke_api
zip文件下载并解压成功
钢银电商:上海上正恒泰律师事务所关于钢银电商的补充法律意见书（一）.pdf
该文件没有回复字样
公司名字为:北京清水爱派建筑设计股份有限公司
['清水爱派:关于北京清水爱派建筑设计股份有限公司精选层挂牌申请文件的审查问询函.pdf']
清水爱派:关于北京清水爱派建筑设计股份有限公司精选层挂牌申请文件的审查问询函.pdf
该文件没有回复字样
公司名字为:山东同成医药股份有限公司
['同成医药:大信会计师事务所（特殊普通合伙）关于同成医药第一轮问询的回复.pdf', '同成医药:关于山东同成医药股份有限公司精选层挂牌申请文件的审查问询函.pdf', '同成医药:同成医药及天风证券关于第二轮问询的回复.pdf', '同成医药:同成医药及天风证券关于第一轮问询的回复.pdf', '同成医药:北京市金杜律师事务所关于同成医药的补充法律意见书（一）.pdf', '同成医药:北京市金杜律师事务所关于同成医药的补充法律意见书（二）.pdf', '同成医药:关于山东同成医药股份有限公司精选层挂牌申请文件的第二轮审查问询函.pdf', '同成医药:大信会计师事务所（特殊普通合伙）关于同成医药第一轮问询的回复（2020年半年报财务数据更新版）.pdf', '同成医药:同成医药及天风证券关于第一轮问询的回复（2020年半年报财务数据更新版）.pdf', '同成医药:关于山东同成医药股份有限公司精选层挂牌申请文件的第三轮审查问询函.pdf', '同成医药:大信会计师事务所（特殊普通合伙）关于同成医药第二轮问询的回复.pdf']
同成医药:大信会计师事务所（特殊普通合伙）关于同成医药第一轮问询的回复.pdf
/home/liudong/CODE/before_work/project_train/company/山东同成医药股份有限公司/同成医药:大信会计师事务所（特殊普通合伙）关于同成医药第一轮问询的回复.pdf
开始调用invoke_api
zip文件下载并解压成功
同成医药:关于山东同成医药股份有限公司精选层挂牌申请文件的审查问询函.pdf
该文件没有回复字样
同成医药:同成医药及天风证券关于第二轮问询的回复.pdf
/home/liudong/CODE/before_work/project_train/company/山东同成医药股份有限公司/同成医药:同成医药及天风证券关于第二轮问询的回复.pdf
开始调用invoke_api
zip文件下载并解压成功
同成医药:同成医药及天风证券关于第一轮问询的回复.pdf
/home/liudong/CODE/before_work/project_train/company/山东同成医药股份有限公司/同成医药:同成医药及天风证券关于第一轮问询的回复.pdf
开始调用invoke_api
zip文件下载并解压成功
同成医药:北京市金杜律师事务所关于同成医药的补充法律意见书（一）.pdf
该文件没有回复字样
同成医药:北京市金杜律师事务所关于同成医药的补充法律意见书（二）.pdf
该文件没有回复字样
同成医药:关于山东同成医药股份有限公司精选层挂牌申请文件的第二轮审查问询函.pdf
该文件没有回复字样
同成医药:大信会计师事务所（特殊普通合伙）关于同成医药第一轮问询的回复（2020年半年报财务数据更新版）.pdf
/home/liudong/CODE/before_work/project_train/company/山东同成医药股份有限公司/同成医药:大信会计师事务所（特殊普通合伙）关于同成医药第一轮问询的回复（2020年半年报财务数据更新版）.pdf
开始调用invoke_api
zip文件下载并解压成功
同成医药:同成医药及天风证券关于第一轮问询的回复（2020年半年报财务数据更新版）.pdf
/home/liudong/CODE/before_work/project_train/company/山东同成医药股份有限公司/同成医药:同成医药及天风证券关于第一轮问询的回复（2020年半年报财务数据更新版）.pdf
开始调用invoke_api
zip文件下载并解压成功
同成医药:关于山东同成医药股份有限公司精选层挂牌申请文件的第三轮审查问询函.pdf
该文件没有回复字样
同成医药:大信会计师事务所（特殊普通合伙）关于同成医药第二轮问询的回复.pdf
/home/liudong/CODE/before_work/project_train/company/山东同成医药股份有限公司/同成医药:大信会计师事务所（特殊普通合伙）关于同成医药第二轮问询的回复.pdf
开始调用invoke_api
zip文件下载并解压成功
公司名字为:北京颖泰嘉和生物科技股份有限公司
['颖泰生物:关于北京颖泰嘉和生物科技股份有限公司精选层挂牌申请文件的审查问询函.pdf', '颖泰生物:颖泰生物及西南证券关于第一轮问询的回复.pdf', '颖泰生物:四川华信（集团）会计师事务所（特殊普通合伙）关于颖泰生物第一轮问询的回复.pdf', '颖泰生物:北京市康达律师事务所关于颖泰生物的补充法律意见书（一）.pdf']
颖泰生物:关于北京颖泰嘉和生物科技股份有限公司精选层挂牌申请文件的审查问询函.pdf
该文件没有回复字样
颖泰生物:颖泰生物及西南证券关于第一轮问询的回复.pdf
/home/liudong/CODE/before_work/project_train/company/北京颖泰嘉和生物科技股份有限公司/颖泰生物:颖泰生物及西南证券关于第一轮问询的回复.pdf
开始调用invoke_api
zip文件下载并解压成功
颖泰生物:四川华信（集团）会计师事务所（特殊普通合伙）关于颖泰生物第一轮问询的回复.pdf
/home/liudong/CODE/before_work/project_train/company/北京颖泰嘉和生物科技股份有限公司/颖泰生物:四川华信（集团）会计师事务所（特殊普通合伙）关于颖泰生物第一轮问询的回复.pdf
开始调用invoke_api
zip文件下载并解压成功
颖泰生物:北京市康达律师事务所关于颖泰生物的补充法律意见书（一）.pdf
该文件没有回复字样
公司名字为:安徽伊普诺康生物技术股份有限公司
[]
公司名字为:苏州旭杰建筑科技股份有限公司
['旭杰科技:关于苏州旭杰建筑科技股份有限公司精选层挂牌申请文件的审查问询函.pdf', '旭杰科技:北京大成律师事务所关于旭杰科技的补充法律意见书（二）.pdf', '旭杰科技:容诚会计师事务所（特殊普通合伙）关于旭杰科技第一轮问询的回复.pdf', '旭杰科技:关于落实挂牌委员会审议会议意见的函.pdf', '旭杰科技:旭杰科技及东吴证券关于第一轮问询的回复.pdf', '旭杰科技:北京大成律师事务所关于旭杰科技的补充法律意见书（一）.pdf', '旭杰科技:旭杰科技及东吴证券关于落实挂牌委员会审议会议意见的函的回复.pdf']
旭杰科技:关于苏州旭杰建筑科技股份有限公司精选层挂牌申请文件的审查问询函.pdf
该文件没有回复字样
旭杰科技:北京大成律师事务所关于旭杰科技的补充法律意见书（二）.pdf
该文件没有回复字样
旭杰科技:容诚会计师事务所（特殊普通合伙）关于旭杰科技第一轮问询的回复.pdf
/home/liudong/CODE/before_work/project_train/company/苏州旭杰建筑科技股份有限公司/旭杰科技:容诚会计师事务所（特殊普通合伙）关于旭杰科技第一轮问询的回复.pdf
开始调用invoke_api
zip文件下载并解压成功
旭杰科技:关于落实挂牌委员会审议会议意见的函.pdf
该文件没有回复字样
旭杰科技:旭杰科技及东吴证券关于第一轮问询的回复.pdf
/home/liudong/CODE/before_work/project_train/company/苏州旭杰建筑科技股份有限公司/旭杰科技:旭杰科技及东吴证券关于第一轮问询的回复.pdf
开始调用invoke_api
zip文件下载并解压成功
旭杰科技:北京大成律师事务所关于旭杰科技的补充法律意见书（一）.pdf
该文件没有回复字样
旭杰科技:旭杰科技及东吴证券关于落实挂牌委员会审议会议意见的函的回复.pdf
/home/liudong/CODE/before_work/project_train/company/苏州旭杰建筑科技股份有限公司/旭杰科技:旭杰科技及东吴证券关于落实挂牌委员会审议会议意见的函的回复.pdf
开始调用invoke_api
zip文件下载并解压成功
公司名字为:金居建设发展股份有限公司
['金居股份:万商天勤律所关于金居股份的补充法律意见书（一）（2020年半年报财务数据更新版）.pdf', '金居股份:关于金居建设发展股份有限公司精选层挂牌申请文件的第三轮审查问询函.pdf', '金居股份:公开发行说明书（2020年半年报财务数据更新版）.pdf', '金居股份:关于金居建设发展股份有限公司精选层挂牌申请文件的第二轮审查问询函.pdf', '金居股份:大华会所关于金居股份第一轮问询的回复（2020年半年报财务数据更新版）.pdf', '金居股份:大华会所关于金居股份第一轮问询的回复.pdf', '金居股份:关于金居建设发展股份有限公司精选层挂牌申请文件的审查问询函.pdf', '金居股份:大华会所关于金居股份第二轮问询的回复.pdf', '金居股份:万商天勤律所关于金居股份的补充法律意见书（二）.pdf', '金居股份:金居股份及华融证券关于第一轮问询的回复.pdf', '金居股份:金居股份及华融证券关于第一轮问询的回复（2020年半年报财务数据更新版）.pdf', '金居股份:万商天勤律所关于金居股份的补充法律意见书（一）.pdf', '金居股份:金居股份及华融证券关于第二轮问询的回复.pdf']
金居股份:万商天勤律所关于金居股份的补充法律意见书（一）（2020年半年报财务数据更新版）.pdf
该文件没有回复字样
金居股份:关于金居建设发展股份有限公司精选层挂牌申请文件的第三轮审查问询函.pdf
该文件没有回复字样
金居股份:公开发行说明书（2020年半年报财务数据更新版）.pdf
该文件没有回复字样
金居股份:关于金居建设发展股份有限公司精选层挂牌申请文件的第二轮审查问询函.pdf
该文件没有回复字样
金居股份:大华会所关于金居股份第一轮问询的回复（2020年半年报财务数据更新版）.pdf
/home/liudong/CODE/before_work/project_train/company/金居建设发展股份有限公司/金居股份:大华会所关于金居股份第一轮问询的回复（2020年半年报财务数据更新版）.pdf
开始调用invoke_api
zip文件下载并解压成功
金居股份:大华会所关于金居股份第一轮问询的回复.pdf
/home/liudong/CODE/before_work/project_train/company/金居建设发展股份有限公司/金居股份:大华会所关于金居股份第一轮问询的回复.pdf
开始调用invoke_api
zip文件下载并解压成功
金居股份:关于金居建设发展股份有限公司精选层挂牌申请文件的审查问询函.pdf
该文件没有回复字样
金居股份:大华会所关于金居股份第二轮问询的回复.pdf
/home/liudong/CODE/before_work/project_train/company/金居建设发展股份有限公司/金居股份:大华会所关于金居股份第二轮问询的回复.pdf
开始调用invoke_api
zip文件下载并解压成功
金居股份:万商天勤律所关于金居股份的补充法律意见书（二）.pdf
该文件没有回复字样
金居股份:金居股份及华融证券关于第一轮问询的回复.pdf
/home/liudong/CODE/before_work/project_train/company/金居建设发展股份有限公司/金居股份:金居股份及华融证券关于第一轮问询的回复.pdf
开始调用invoke_api
zip文件下载并解压成功
金居股份:金居股份及华融证券关于第一轮问询的回复（2020年半年报财务数据更新版）.pdf
/home/liudong/CODE/before_work/project_train/company/金居建设发展股份有限公司/金居股份:金居股份及华融证券关于第一轮问询的回复（2020年半年报财务数据更新版）.pdf
开始调用invoke_api
zip文件下载并解压成功
金居股份:万商天勤律所关于金居股份的补充法律意见书（一）.pdf
该文件没有回复字样
金居股份:金居股份及华融证券关于第二轮问询的回复.pdf
/home/liudong/CODE/before_work/project_train/company/金居建设发展股份有限公司/金居股份:金居股份及华融证券关于第二轮问询的回复.pdf
开始调用invoke_api
zip文件下载并解压成功
公司名字为:北京圣博润高新技术股份有限公司
['圣 博 润:永拓会计师事务所（特殊普通合伙）关于圣博润第一轮问询的回复.pdf', '圣 博 润:圣博润及西部证券关于第一轮问询的回复.pdf', '圣 博 润:关于落实挂牌委员会审议会议意见的函.pdf', '圣 博 润:北京君嘉律师事务所关于圣博润的补充法律意见书（一）.pdf', '圣 博 润:关于北京圣博润高新技术股份有限公司精选层挂牌申请文件的审查问询函.pdf']
圣 博 润:永拓会计师事务所（特殊普通合伙）关于圣博润第一轮问询的回复.pdf
/home/liudong/CODE/before_work/project_train/company/北京圣博润高新技术股份有限公司/圣 博 润:永拓会计师事务所（特殊普通合伙）关于圣博润第一轮问询的回复.pdf
开始调用invoke_api
zip文件下载并解压成功
圣 博 润:圣博润及西部证券关于第一轮问询的回复.pdf
/home/liudong/CODE/before_work/project_train/company/北京圣博润高新技术股份有限公司/圣 博 润:圣博润及西部证券关于第一轮问询的回复.pdf
开始调用invoke_api
zip文件下载并解压成功
圣 博 润:关于落实挂牌委员会审议会议意见的函.pdf
该文件没有回复字样
圣 博 润:北京君嘉律师事务所关于圣博润的补充法律意见书（一）.pdf
该文件没有回复字样
圣 博 润:关于北京圣博润高新技术股份有限公司精选层挂牌申请文件的审查问询函.pdf
该文件没有回复字样
公司名字为:安徽凤凰滤清器股份有限公司
['安徽凤凰:关于安徽凤凰滤清器股份有限公司精选层挂牌申请文件的审查问询函.pdf']
安徽凤凰:关于安徽凤凰滤清器股份有限公司精选层挂牌申请文件的审查问询函.pdf
该文件没有回复字样
公司名字为:北京殷图网联科技股份有限公司
['殷图网联:关于落实挂牌委员会审议会议意见的函.pdf', '殷图网联:殷图网联：大信会计师事务所（特殊普通合伙）关于殷图网联第一轮问询的回复.pdf', '殷图网联:殷图网联：殷图网联及万联证券关于第一轮问询的回复.pdf', '殷图网联:殷图网联：北京安杰律师事务所关于殷图网联的补充法律意见书（一）.pdf', '殷图网联:大信会计师事务所（特殊普通合伙）关于落实挂牌委员会审议会议意见的函的回复.pdf', '殷图网联:殷图网联及万联证券关于落实挂牌委员会审议会议意见的函的回复.pdf']
殷图网联:关于落实挂牌委员会审议会议意见的函.pdf
该文件没有回复字样
殷图网联:殷图网联：大信会计师事务所（特殊普通合伙）关于殷图网联第一轮问询的回复.pdf
/home/liudong/CODE/before_work/project_train/company/北京殷图网联科技股份有限公司/殷图网联:殷图网联：大信会计师事务所（特殊普通合伙）关于殷图网联第一轮问询的回复.pdf
开始调用invoke_api
zip文件下载并解压成功
殷图网联:殷图网联：殷图网联及万联证券关于第一轮问询的回复.pdf
/home/liudong/CODE/before_work/project_train/company/北京殷图网联科技股份有限公司/殷图网联:殷图网联：殷图网联及万联证券关于第一轮问询的回复.pdf
开始调用invoke_api
zip文件下载并解压成功
殷图网联:殷图网联：北京安杰律师事务所关于殷图网联的补充法律意见书（一）.pdf
该文件没有回复字样
殷图网联:大信会计师事务所（特殊普通合伙）关于落实挂牌委员会审议会议意见的函的回复.pdf
/home/liudong/CODE/before_work/project_train/company/北京殷图网联科技股份有限公司/殷图网联:大信会计师事务所（特殊普通合伙）关于落实挂牌委员会审议会议意见的函的回复.pdf
开始调用invoke_api
zip文件下载并解压成功
殷图网联:殷图网联及万联证券关于落实挂牌委员会审议会议意见的函的回复.pdf
/home/liudong/CODE/before_work/project_train/company/北京殷图网联科技股份有限公司/殷图网联:殷图网联及万联证券关于落实挂牌委员会审议会议意见的函的回复.pdf
开始调用invoke_api
zip文件下载并解压成功
公司名字为:三门三友科技股份有限公司
['三友科技:北京市天元律师事务所关于三友科技补充法律意见书（一）.pdf', '三友科技:中汇会计师事务所（特殊普通合伙）关于三友科技第一轮问询的回复.pdf', '三友科技:三友科技关于《关于落实挂牌委员会审议会议意见的函》的回复.pdf', '三友科技:关于三门三友科技股份有限公司精选层挂牌申请文件的审查问询函.pdf', '三友科技:关于落实挂牌委员会审议会议意见的函.pdf', '三友科技:三友科技及国融证券关于第一轮问询的回复.pdf']
三友科技:北京市天元律师事务所关于三友科技补充法律意见书（一）.pdf
该文件没有回复字样
三友科技:中汇会计师事务所（特殊普通合伙）关于三友科技第一轮问询的回复.pdf
/home/liudong/CODE/before_work/project_train/company/三门三友科技股份有限公司/三友科技:中汇会计师事务所（特殊普通合伙）关于三友科技第一轮问询的回复.pdf
开始调用invoke_api
zip文件下载并解压成功
三友科技:三友科技关于《关于落实挂牌委员会审议会议意见的函》的回复.pdf
/home/liudong/CODE/before_work/project_train/company/三门三友科技股份有限公司/三友科技:三友科技关于《关于落实挂牌委员会审议会议意见的函》的回复.pdf
开始调用invoke_api
zip文件下载并解压成功
三友科技:关于三门三友科技股份有限公司精选层挂牌申请文件的审查问询函.pdf
该文件没有回复字样
三友科技:关于落实挂牌委员会审议会议意见的函.pdf
该文件没有回复字样
三友科技:三友科技及国融证券关于第一轮问询的回复.pdf
/home/liudong/CODE/before_work/project_train/company/三门三友科技股份有限公司/三友科技:三友科技及国融证券关于第一轮问询的回复.pdf
开始调用invoke_api
zip文件下载并解压成功
公司名字为:易景环境科技（天津）股份有限公司
[]
公司名字为:北京流金岁月文化传播股份有限公司
['流金岁月:流金岁月及天风证券关于落实挂牌委员会审议会议意见的函的回复.pdf', '流金岁月:关于落实挂牌委员会审议会议意见的函.pdf', '流金岁月:北京市天元律师事务所关于流金岁月的补充法律意见书（一）.pdf', '流金岁月:流金岁月及天风证券关于第一轮问询的回复.pdf', '流金岁月:容诚会计师事务所（特殊普通合伙）关于流金岁月第一轮问询的回复.pdf', '流金岁月:北京市天元律师事务所关于流金岁月的补充法律意见书（二）.pdf', '流金岁月:关于北京流金岁月文化传播股份有限公司精选层挂牌申请文件的审查问询函.pdf']
流金岁月:流金岁月及天风证券关于落实挂牌委员会审议会议意见的函的回复.pdf
/home/liudong/CODE/before_work/project_train/company/北京流金岁月文化传播股份有限公司/流金岁月:流金岁月及天风证券关于落实挂牌委员会审议会议意见的函的回复.pdf
开始调用invoke_api
zip文件下载并解压成功
流金岁月:关于落实挂牌委员会审议会议意见的函.pdf
该文件没有回复字样
流金岁月:北京市天元律师事务所关于流金岁月的补充法律意见书（一）.pdf
该文件没有回复字样
流金岁月:流金岁月及天风证券关于第一轮问询的回复.pdf
/home/liudong/CODE/before_work/project_train/company/北京流金岁月文化传播股份有限公司/流金岁月:流金岁月及天风证券关于第一轮问询的回复.pdf
开始调用invoke_api
zip文件下载并解压成功
流金岁月:容诚会计师事务所（特殊普通合伙）关于流金岁月第一轮问询的回复.pdf
/home/liudong/CODE/before_work/project_train/company/北京流金岁月文化传播股份有限公司/流金岁月:容诚会计师事务所（特殊普通合伙）关于流金岁月第一轮问询的回复.pdf
开始调用invoke_api
zip文件下载并解压成功
流金岁月:北京市天元律师事务所关于流金岁月的补充法律意见书（二）.pdf
该文件没有回复字样
流金岁月:关于北京流金岁月文化传播股份有限公司精选层挂牌申请文件的审查问询函.pdf
该文件没有回复字样
公司名字为:天津迈达医学科技股份有限公司
[]
公司名字为:贝特瑞新材料集团股份有限公司
['贝特瑞:关于贝特瑞新材料集团股份有限公司精选层挂牌申请文件的审查问询函.pdf', '贝特瑞:中审众环关于贝特瑞第一轮问询的回复.pdf', '贝特瑞:上海方达关于贝特瑞的补充法律意见书（一）.pdf', '贝特瑞:贝特瑞及国信证券关于第一轮问询的回复.pdf']
贝特瑞:关于贝特瑞新材料集团股份有限公司精选层挂牌申请文件的审查问询函.pdf
该文件没有回复字样
贝特瑞:中审众环关于贝特瑞第一轮问询的回复.pdf
/home/liudong/CODE/before_work/project_train/company/贝特瑞新材料集团股份有限公司/贝特瑞:中审众环关于贝特瑞第一轮问询的回复.pdf
开始调用invoke_api
zip文件下载并解压成功
贝特瑞:上海方达关于贝特瑞的补充法律意见书（一）.pdf
该文件没有回复字样
贝特瑞:贝特瑞及国信证券关于第一轮问询的回复.pdf
/home/liudong/CODE/before_work/project_train/company/贝特瑞新材料集团股份有限公司/贝特瑞:贝特瑞及国信证券关于第一轮问询的回复.pdf
开始调用invoke_api
zip文件下载并解压成功
公司名字为:海南传味文昌鸡产业股份有限公司
[]
公司名字为:华维设计集团股份有限公司
[]
公司名字为:四川梓橦宫药业股份有限公司
[]
公司名字为:晨越建设项目管理集团股份有限公司
['晨越建管:晨越建管及华福证券关于第一轮问询的回复.pdf', '晨越建管:信永中和会计师事务所（特殊普通合伙）关于晨越建管第一轮问询的回复.pdf', '晨越建管:关于晨越建设项目管理集团股份有限公司精选层挂牌申请文件的第二轮审查问询函.pdf', '晨越建管:关于晨越建设项目管理集团股份有限公司精选层挂牌申请文件的审查问询函.pdf', '晨越建管:北京市中伦律师事务所关于晨越建管的补充法律意见书（一）.pdf']
晨越建管:晨越建管及华福证券关于第一轮问询的回复.pdf
/home/liudong/CODE/before_work/project_train/company/晨越建设项目管理集团股份有限公司/晨越建管:晨越建管及华福证券关于第一轮问询的回复.pdf
开始调用invoke_api
zip文件下载并解压成功
晨越建管:信永中和会计师事务所（特殊普通合伙）关于晨越建管第一轮问询的回复.pdf
/home/liudong/CODE/before_work/project_train/company/晨越建设项目管理集团股份有限公司/晨越建管:信永中和会计师事务所（特殊普通合伙）关于晨越建管第一轮问询的回复.pdf
开始调用invoke_api
zip文件下载并解压成功
晨越建管:关于晨越建设项目管理集团股份有限公司精选层挂牌申请文件的第二轮审查问询函.pdf
该文件没有回复字样
晨越建管:关于晨越建设项目管理集团股份有限公司精选层挂牌申请文件的审查问询函.pdf
该文件没有回复字样
晨越建管:北京市中伦律师事务所关于晨越建管的补充法律意见书（一）.pdf
该文件没有回复字样
公司名字为:环宇建筑科技股份有限公司
['环宇建科:环宇建科及华融证券关于第一轮问询的回复.pdf', '环宇建科:北京市时代九和律师事务所关于环宇建科的补充法律意见书（一）.pdf', '环宇建科:关于环宇建筑科技股份有限公司精选层挂牌申请文件的第二轮审查问询函.pdf', '环宇建科:关于环宇建筑科技股份有限公司精选层挂牌申请文件的审查问询函.pdf', '环宇建科:立信会计师事务所(特殊普通合伙）关于环宇建科第一轮问询的回复.pdf']
环宇建科:环宇建科及华融证券关于第一轮问询的回复.pdf
/home/liudong/CODE/before_work/project_train/company/环宇建筑科技股份有限公司/环宇建科:环宇建科及华融证券关于第一轮问询的回复.pdf
开始调用invoke_api
zip文件下载并解压成功
环宇建科:北京市时代九和律师事务所关于环宇建科的补充法律意见书（一）.pdf
该文件没有回复字样
环宇建科:关于环宇建筑科技股份有限公司精选层挂牌申请文件的第二轮审查问询函.pdf
该文件没有回复字样
环宇建科:关于环宇建筑科技股份有限公司精选层挂牌申请文件的审查问询函.pdf
该文件没有回复字样
环宇建科:立信会计师事务所(特殊普通合伙）关于环宇建科第一轮问询的回复.pdf
/home/liudong/CODE/before_work/project_train/company/环宇建筑科技股份有限公司/环宇建科:立信会计师事务所(特殊普通合伙）关于环宇建科第一轮问询的回复.pdf
开始调用invoke_api
zip文件下载并解压成功
公司名字为:北京蓝山科技股份有限公司
['蓝山科技:关于北京蓝山科技股份有限公司精选层挂牌申请文件的审查问询函.pdf']
蓝山科技:关于北京蓝山科技股份有限公司精选层挂牌申请文件的审查问询函.pdf
该文件没有回复字样
公司名字为:湖北华阳汽车变速系统股份有限公司
['华阳变速:关于湖北华阳汽车变速系统股份有限公司精选层挂牌申请文件的审查问询函.pdf']
华阳变速:关于湖北华阳汽车变速系统股份有限公司精选层挂牌申请文件的审查问询函.pdf
该文件没有回复字样
公司名字为:宁波球冠电缆股份有限公司
['球冠电缆:关于宁波球冠电缆股份有限公司精选层挂牌申请文件的第二轮审查问询函.pdf', '球冠电缆:关于宁波球冠电缆股份有限公司精选层挂牌申请文件的审查问询函.pdf', '球冠电缆:球冠电缆及浙商证券关于第二轮问询的回复.pdf', '球冠电缆:关于落实挂牌委员会审议会议意见的函.pdf', '球冠电缆:立信会计师事务所（特殊普通合伙）关于宁波球冠电缆股份有限公司精选层挂牌申请文件第一轮问询回复的专项说明.pdf', '球冠电缆:球冠电缆及浙商证券关于落实挂牌委员会审议会议意见的函之回复.pdf', '球冠电缆:立信会所关于球冠电缆第二轮问询的回复.pdf', '球冠电缆:立信会计师关于球冠电缆精选层挂牌审议会议意见回复的专项说明.pdf', '球冠电缆:球冠电缆及浙商证券关于第一轮问询的回复.pdf', '球冠电缆:炜衡律所关于球冠电缆的补充法律意见书（二）.pdf', '球冠电缆:北京市炜衡律师事务所关于宁波球冠电缆股份有限公司股票向不特定合格投资者公开发行并在精选层挂牌之补充法律意见书（一）.pdf']
球冠电缆:关于宁波球冠电缆股份有限公司精选层挂牌申请文件的第二轮审查问询函.pdf
该文件没有回复字样
球冠电缆:关于宁波球冠电缆股份有限公司精选层挂牌申请文件的审查问询函.pdf
该文件没有回复字样
球冠电缆:球冠电缆及浙商证券关于第二轮问询的回复.pdf
/home/liudong/CODE/before_work/project_train/company/宁波球冠电缆股份有限公司/球冠电缆:球冠电缆及浙商证券关于第二轮问询的回复.pdf
开始调用invoke_api
zip文件下载并解压成功
球冠电缆:关于落实挂牌委员会审议会议意见的函.pdf
该文件没有回复字样
球冠电缆:立信会计师事务所（特殊普通合伙）关于宁波球冠电缆股份有限公司精选层挂牌申请文件第一轮问询回复的专项说明.pdf
/home/liudong/CODE/before_work/project_train/company/宁波球冠电缆股份有限公司/球冠电缆:立信会计师事务所（特殊普通合伙）关于宁波球冠电缆股份有限公司精选层挂牌申请文件第一轮问询回复的专项说明.pdf
开始调用invoke_api
zip文件下载并解压成功
球冠电缆:球冠电缆及浙商证券关于落实挂牌委员会审议会议意见的函之回复.pdf
/home/liudong/CODE/before_work/project_train/company/宁波球冠电缆股份有限公司/球冠电缆:球冠电缆及浙商证券关于落实挂牌委员会审议会议意见的函之回复.pdf
开始调用invoke_api
zip文件下载并解压成功
球冠电缆:立信会所关于球冠电缆第二轮问询的回复.pdf
/home/liudong/CODE/before_work/project_train/company/宁波球冠电缆股份有限公司/球冠电缆:立信会所关于球冠电缆第二轮问询的回复.pdf
开始调用invoke_api
zip文件下载并解压成功
球冠电缆:立信会计师关于球冠电缆精选层挂牌审议会议意见回复的专项说明.pdf
/home/liudong/CODE/before_work/project_train/company/宁波球冠电缆股份有限公司/球冠电缆:立信会计师关于球冠电缆精选层挂牌审议会议意见回复的专项说明.pdf
开始调用invoke_api
zip文件下载并解压成功
球冠电缆:球冠电缆及浙商证券关于第一轮问询的回复.pdf
/home/liudong/CODE/before_work/project_train/company/宁波球冠电缆股份有限公司/球冠电缆:球冠电缆及浙商证券关于第一轮问询的回复.pdf
开始调用invoke_api
zip文件下载并解压成功
球冠电缆:炜衡律所关于球冠电缆的补充法律意见书（二）.pdf
该文件没有回复字样
球冠电缆:北京市炜衡律师事务所关于宁波球冠电缆股份有限公司股票向不特定合格投资者公开发行并在精选层挂牌之补充法律意见书（一）.pdf
该文件没有回复字样
公司名字为:安徽佳先功能助剂股份有限公司
['佳先股份:关于安徽佳先功能助剂股份有限公司精选层挂牌申请文件的审查问询函.pdf', '佳先股份:容诚会计师事务所关于佳先股份第一轮问询回复.pdf', '佳先股份:关于落实挂牌委员会审议会议意见的函.pdf', '佳先股份:安徽天禾律师事务所关于安徽佳先功能助剂股份有限公司向不特定合格投资者公开发行股票并在精选层挂牌之补充法律意见书（一）.pdf', '佳先股份:佳先股份及国元证券关于第一轮问询的回复.pdf', '佳先股份:安徽佳先功能助剂股份有限公司关于落实挂牌委员会审议会议意见的函的回复.pdf']
佳先股份:关于安徽佳先功能助剂股份有限公司精选层挂牌申请文件的审查问询函.pdf
该文件没有回复字样
佳先股份:容诚会计师事务所关于佳先股份第一轮问询回复.pdf
/home/liudong/CODE/before_work/project_train/company/安徽佳先功能助剂股份有限公司/佳先股份:容诚会计师事务所关于佳先股份第一轮问询回复.pdf
开始调用invoke_api
zip文件下载并解压成功
佳先股份:关于落实挂牌委员会审议会议意见的函.pdf
该文件没有回复字样
佳先股份:安徽天禾律师事务所关于安徽佳先功能助剂股份有限公司向不特定合格投资者公开发行股票并在精选层挂牌之补充法律意见书（一）.pdf
该文件没有回复字样
佳先股份:佳先股份及国元证券关于第一轮问询的回复.pdf
/home/liudong/CODE/before_work/project_train/company/安徽佳先功能助剂股份有限公司/佳先股份:佳先股份及国元证券关于第一轮问询的回复.pdf
开始调用invoke_api
zip文件下载并解压成功
佳先股份:安徽佳先功能助剂股份有限公司关于落实挂牌委员会审议会议意见的函的回复.pdf
/home/liudong/CODE/before_work/project_train/company/安徽佳先功能助剂股份有限公司/佳先股份:安徽佳先功能助剂股份有限公司关于落实挂牌委员会审议会议意见的函的回复.pdf
开始调用invoke_api
zip文件下载并解压成功
公司名字为:山东万通液压股份有限公司
['万通液压:发行人与保荐机构关于山东万通液压股份有限公司精选层挂牌申请文件审查问询函的回复.pdf', '万通液压:和信会计师事务所（特殊普通合伙）关于山东万通液压股份有限公司精选层挂牌申请文件的审查问询函中有关财务事项的专项说明.pdf', '万通液压:关于山东万通液压股份有限公司精选层挂牌申请文件的审查问询函.pdf', '万通液压:国浩律师（深圳）事务所关于山东万通液压股份有限公司向不特定合格投资者公开发行股票并在精选层挂牌之补充法律意见书.pdf']
万通液压:发行人与保荐机构关于山东万通液压股份有限公司精选层挂牌申请文件审查问询函的回复.pdf
/home/liudong/CODE/before_work/project_train/company/山东万通液压股份有限公司/万通液压:发行人与保荐机构关于山东万通液压股份有限公司精选层挂牌申请文件审查问询函的回复.pdf
开始调用invoke_api
zip文件下载并解压成功
万通液压:和信会计师事务所（特殊普通合伙）关于山东万通液压股份有限公司精选层挂牌申请文件的审查问询函中有关财务事项的专项说明.pdf
该文件没有回复字样
万通液压:关于山东万通液压股份有限公司精选层挂牌申请文件的审查问询函.pdf
该文件没有回复字样
万通液压:国浩律师（深圳）事务所关于山东万通液压股份有限公司向不特定合格投资者公开发行股票并在精选层挂牌之补充法律意见书.pdf
该文件没有回复字样
公司名字为:青岛丰光精密机械股份有限公司
['丰光精密:关于青岛丰光精密机械股份有限公司精选层挂牌申请文件的审查问询函.pdf']
丰光精密:关于青岛丰光精密机械股份有限公司精选层挂牌申请文件的审查问询函.pdf
该文件没有回复字样
公司名字为:沈阳风景园林股份有限公司
[]
公司名字为:漯河利通液压科技股份有限公司
[]
公司名字为:恒拓开源信息科技股份有限公司
['恒拓开源:关于落实挂牌委员会审议会议意见的函.pdf', '恒拓开源:北京国枫律师事务所关于恒拓开源补充法律意见书（一）.pdf', '恒拓开源:恒拓开源关于落实挂牌委员会审议会议意见的函的回复.pdf', '恒拓开源:中审众环会计师事务所（特殊普通合伙）关于恒拓开源第一轮问询的回复.pdf', '恒拓开源:恒拓开源信息科技股份有限公司及中信建投证券股份有限公司关于第一轮问询的回复.pdf', '恒拓开源:关于恒拓开源信息科技股份有限公司精选层挂牌申请文件的审查问询函.pdf']
恒拓开源:关于落实挂牌委员会审议会议意见的函.pdf
该文件没有回复字样
恒拓开源:北京国枫律师事务所关于恒拓开源补充法律意见书（一）.pdf
该文件没有回复字样
恒拓开源:恒拓开源关于落实挂牌委员会审议会议意见的函的回复.pdf
/home/liudong/CODE/before_work/project_train/company/恒拓开源信息科技股份有限公司/恒拓开源:恒拓开源关于落实挂牌委员会审议会议意见的函的回复.pdf
开始调用invoke_api
zip文件下载并解压成功
恒拓开源:中审众环会计师事务所（特殊普通合伙）关于恒拓开源第一轮问询的回复.pdf
/home/liudong/CODE/before_work/project_train/company/恒拓开源信息科技股份有限公司/恒拓开源:中审众环会计师事务所（特殊普通合伙）关于恒拓开源第一轮问询的回复.pdf
开始调用invoke_api
zip文件下载并解压成功
恒拓开源:恒拓开源信息科技股份有限公司及中信建投证券股份有限公司关于第一轮问询的回复.pdf
/home/liudong/CODE/before_work/project_train/company/恒拓开源信息科技股份有限公司/恒拓开源:恒拓开源信息科技股份有限公司及中信建投证券股份有限公司关于第一轮问询的回复.pdf
开始调用invoke_api
zip文件下载并解压成功
恒拓开源:关于恒拓开源信息科技股份有限公司精选层挂牌申请文件的审查问询函.pdf
该文件没有回复字样
公司名字为:攀枝花秉扬科技股份有限公司
['秉扬科技:关于攀枝花秉扬科技股份有限公司精选层挂牌申请文件的审查问询函.pdf']
秉扬科技:关于攀枝花秉扬科技股份有限公司精选层挂牌申请文件的审查问询函.pdf
该文件没有回复字样
公司名字为:湖南德众汽车销售服务股份有限公司
['德众股份:天职国际会计师事务所（特殊普通合伙）关于德众股份第二轮问询的回复.pdf', '德众股份:德众股份及开源证券关于第一轮问询的回复（2020年半年报财务数据更新版）.pdf', '德众股份:德众股份及开源证券关于第二轮问询的回复.pdf', '德众股份:北京国枫律师事务所关于湖南德众汽车销售服务股份有限公司申请向不特定合格投资者公开发行股票并在精选层挂牌的补充法律意见书之三.pdf', '德众股份:天职国际会计师事务所（特殊普通合伙）关于德众股份第一轮问询的回复.pdf', '德众股份:关于落实挂牌委员会审议会议意见的函.pdf', '德众股份:关于湖南德众汽车销售服务股份有限公司精选层挂牌申请文件补充问询意见的函.pdf', '德众股份:德众股份及开源证券关于第一轮问询的回复.pdf', '德众股份:北京国枫律师事务所关于德众股份的补充法律意见书（一).pdf', '德众股份:天职国际会计师事务所（特殊普通合伙）关于落实挂牌委员会审议会议意见的函的回复.pdf', '德众股份:天职国际会计师事务所（特殊普通合伙）关于德众股份第一轮问询的回复（2020年半年报财务数据更新版）.pdf', '德众股份:北京国枫律师事务所关于德众股份的补充法律意见书（四).pdf', '德众股份:德众股份及开源证券关于落实挂牌委员会审议会议意见的函的回复.pdf', '德众股份:北京国枫律师事务所关于德众股份的补充法律意见书（二）（2020年半年报财务数据更新版）.pdf', '德众股份:关于湖南德众汽车销售服务股份有限公司精选层挂牌申请文件的审查问询函.pdf']
德众股份:天职国际会计师事务所（特殊普通合伙）关于德众股份第二轮问询的回复.pdf
/home/liudong/CODE/before_work/project_train/company/湖南德众汽车销售服务股份有限公司/德众股份:天职国际会计师事务所（特殊普通合伙）关于德众股份第二轮问询的回复.pdf
开始调用invoke_api
zip文件下载并解压成功
德众股份:德众股份及开源证券关于第一轮问询的回复（2020年半年报财务数据更新版）.pdf
/home/liudong/CODE/before_work/project_train/company/湖南德众汽车销售服务股份有限公司/德众股份:德众股份及开源证券关于第一轮问询的回复（2020年半年报财务数据更新版）.pdf
开始调用invoke_api
zip文件下载并解压成功
德众股份:德众股份及开源证券关于第二轮问询的回复.pdf
/home/liudong/CODE/before_work/project_train/company/湖南德众汽车销售服务股份有限公司/德众股份:德众股份及开源证券关于第二轮问询的回复.pdf
开始调用invoke_api
zip文件下载并解压成功
德众股份:北京国枫律师事务所关于湖南德众汽车销售服务股份有限公司申请向不特定合格投资者公开发行股票并在精选层挂牌的补充法律意见书之三.pdf
该文件没有回复字样
德众股份:天职国际会计师事务所（特殊普通合伙）关于德众股份第一轮问询的回复.pdf
/home/liudong/CODE/before_work/project_train/company/湖南德众汽车销售服务股份有限公司/德众股份:天职国际会计师事务所（特殊普通合伙）关于德众股份第一轮问询的回复.pdf
开始调用invoke_api
zip文件下载并解压成功
德众股份:关于落实挂牌委员会审议会议意见的函.pdf
该文件没有回复字样
德众股份:关于湖南德众汽车销售服务股份有限公司精选层挂牌申请文件补充问询意见的函.pdf
该文件没有回复字样
德众股份:德众股份及开源证券关于第一轮问询的回复.pdf
/home/liudong/CODE/before_work/project_train/company/湖南德众汽车销售服务股份有限公司/德众股份:德众股份及开源证券关于第一轮问询的回复.pdf
开始调用invoke_api
zip文件下载并解压成功
德众股份:北京国枫律师事务所关于德众股份的补充法律意见书（一).pdf
该文件没有回复字样
德众股份:天职国际会计师事务所（特殊普通合伙）关于落实挂牌委员会审议会议意见的函的回复.pdf
/home/liudong/CODE/before_work/project_train/company/湖南德众汽车销售服务股份有限公司/德众股份:天职国际会计师事务所（特殊普通合伙）关于落实挂牌委员会审议会议意见的函的回复.pdf
开始调用invoke_api
zip文件下载并解压成功
德众股份:天职国际会计师事务所（特殊普通合伙）关于德众股份第一轮问询的回复（2020年半年报财务数据更新版）.pdf
/home/liudong/CODE/before_work/project_train/company/湖南德众汽车销售服务股份有限公司/德众股份:天职国际会计师事务所（特殊普通合伙）关于德众股份第一轮问询的回复（2020年半年报财务数据更新版）.pdf
开始调用invoke_api
zip文件下载并解压成功
德众股份:北京国枫律师事务所关于德众股份的补充法律意见书（四).pdf
该文件没有回复字样
德众股份:德众股份及开源证券关于落实挂牌委员会审议会议意见的函的回复.pdf
/home/liudong/CODE/before_work/project_train/company/湖南德众汽车销售服务股份有限公司/德众股份:德众股份及开源证券关于落实挂牌委员会审议会议意见的函的回复.pdf
开始调用invoke_api
zip文件下载并解压成功
德众股份:北京国枫律师事务所关于德众股份的补充法律意见书（二）（2020年半年报财务数据更新版）.pdf
该文件没有回复字样
德众股份:关于湖南德众汽车销售服务股份有限公司精选层挂牌申请文件的审查问询函.pdf
该文件没有回复字样
公司名字为:观典防务技术股份有限公司
['观典防务:大信会计师事务所（特殊普通合伙）关于观典防务第二轮问询的回复.pdf', '观典防务:北京市康达律师事务所关于观典防务的补充法律意见书（一）.pdf', '观典防务:观典防务技术股份有限公司关于《关于落实挂牌委员会审议会议意见的函》的回复.pdf', '观典防务:观典防务及中信证券关于第一轮问询的回复.pdf', '观典防务:北京市康达律师事务所关于观典防务的补充法律意见书（二）.pdf', '观典防务:观典防务及中信证券关于第二轮问询的回复.pdf', '观典防务:关于观典防务技术股份有限公司精选层挂牌申请文件的第二轮审查问询函.pdf', '观典防务:关于落实挂牌委员会审议会议意见的函.pdf', '观典防务:关于观典防务技术股份有限公司精选层挂牌申请文件的审查问询函.pdf', '观典防务:大信会计师事务所（特殊普通合伙）关于观典防务第一轮问询的回复.pdf']
观典防务:大信会计师事务所（特殊普通合伙）关于观典防务第二轮问询的回复.pdf
/home/liudong/CODE/before_work/project_train/company/观典防务技术股份有限公司/观典防务:大信会计师事务所（特殊普通合伙）关于观典防务第二轮问询的回复.pdf
开始调用invoke_api
zip文件下载并解压成功
观典防务:北京市康达律师事务所关于观典防务的补充法律意见书（一）.pdf
该文件没有回复字样
观典防务:观典防务技术股份有限公司关于《关于落实挂牌委员会审议会议意见的函》的回复.pdf
/home/liudong/CODE/before_work/project_train/company/观典防务技术股份有限公司/观典防务:观典防务技术股份有限公司关于《关于落实挂牌委员会审议会议意见的函》的回复.pdf
开始调用invoke_api
zip文件下载并解压成功
观典防务:观典防务及中信证券关于第一轮问询的回复.pdf
/home/liudong/CODE/before_work/project_train/company/观典防务技术股份有限公司/观典防务:观典防务及中信证券关于第一轮问询的回复.pdf
开始调用invoke_api
zip文件下载并解压成功
观典防务:北京市康达律师事务所关于观典防务的补充法律意见书（二）.pdf
该文件没有回复字样
观典防务:观典防务及中信证券关于第二轮问询的回复.pdf
/home/liudong/CODE/before_work/project_train/company/观典防务技术股份有限公司/观典防务:观典防务及中信证券关于第二轮问询的回复.pdf
开始调用invoke_api
zip文件下载并解压成功
观典防务:关于观典防务技术股份有限公司精选层挂牌申请文件的第二轮审查问询函.pdf
该文件没有回复字样
观典防务:关于落实挂牌委员会审议会议意见的函.pdf
该文件没有回复字样
观典防务:关于观典防务技术股份有限公司精选层挂牌申请文件的审查问询函.pdf
该文件没有回复字样
观典防务:大信会计师事务所（特殊普通合伙）关于观典防务第一轮问询的回复.pdf
/home/liudong/CODE/before_work/project_train/company/观典防务技术股份有限公司/观典防务:大信会计师事务所（特殊普通合伙）关于观典防务第一轮问询的回复.pdf
开始调用invoke_api
zip文件下载并解压成功
公司名字为:常州电站辅机股份有限公司
['常辅股份:关于常州电站辅机股份有限公司精选层挂牌申请文件的审查问询函.pdf']
常辅股份:关于常州电站辅机股份有限公司精选层挂牌申请文件的审查问询函.pdf
该文件没有回复字样
公司名字为:上海伊禾农产品科技发展股份有限公司
['伊禾农品:关于上海伊禾农产品科技发展股份有限公司精选层挂牌申请文件的审查问询函.pdf', '伊禾农品:伊禾农品：中审众环会计师事务所（特殊普通合伙）关于伊禾农品第一轮问询的回复.pdf', '伊禾农品:伊禾农品-国浩律师（上海）事务所关于伊禾农品的补充法律意见书（一）.pdf', '伊禾农品:关于上海伊禾农产品科技发展股份有限公司精选层挂牌申请文件的第二轮审查问询函.pdf', '伊禾农品:伊禾农品：伊禾农品及申万宏源承销保荐关于第一轮问询的回复.pdf']
伊禾农品:关于上海伊禾农产品科技发展股份有限公司精选层挂牌申请文件的审查问询函.pdf
该文件没有回复字样
伊禾农品:伊禾农品：中审众环会计师事务所（特殊普通合伙）关于伊禾农品第一轮问询的回复.pdf
/home/liudong/CODE/before_work/project_train/company/上海伊禾农产品科技发展股份有限公司/伊禾农品:伊禾农品：中审众环会计师事务所（特殊普通合伙）关于伊禾农品第一轮问询的回复.pdf
开始调用invoke_api
zip文件下载并解压成功
伊禾农品:伊禾农品-国浩律师（上海）事务所关于伊禾农品的补充法律意见书（一）.pdf
该文件没有回复字样
伊禾农品:关于上海伊禾农产品科技发展股份有限公司精选层挂牌申请文件的第二轮审查问询函.pdf
该文件没有回复字样
伊禾农品:伊禾农品：伊禾农品及申万宏源承销保荐关于第一轮问询的回复.pdf
/home/liudong/CODE/before_work/project_train/company/上海伊禾农产品科技发展股份有限公司/伊禾农品:伊禾农品：伊禾农品及申万宏源承销保荐关于第一轮问询的回复.pdf
开始调用invoke_api
zip文件下载并解压成功
公司名字为:辽宁中镁控股股份有限公司
[]
公司名字为:河北方大包装股份有限公司
['方大股份:致同会计师事务所（特殊普通合伙）关于方大股份第一轮问询的回复.pdf', '方大股份:方大股份及申万宏源承销保荐关于第一轮问询的回复.pdf', '方大股份:关于河北方大包装股份有限公司精选层挂牌申请文件的审查问询函.pdf', '方大股份:北京市尚公律师事务所关于方大股份的补充法律意见书（一）.pdf']
方大股份:致同会计师事务所（特殊普通合伙）关于方大股份第一轮问询的回复.pdf
/home/liudong/CODE/before_work/project_train/company/河北方大包装股份有限公司/方大股份:致同会计师事务所（特殊普通合伙）关于方大股份第一轮问询的回复.pdf
开始调用invoke_api
zip文件下载并解压成功
方大股份:方大股份及申万宏源承销保荐关于第一轮问询的回复.pdf
/home/liudong/CODE/before_work/project_train/company/河北方大包装股份有限公司/方大股份:方大股份及申万宏源承销保荐关于第一轮问询的回复.pdf
开始调用invoke_api
zip文件下载并解压成功
方大股份:关于河北方大包装股份有限公司精选层挂牌申请文件的审查问询函.pdf
该文件没有回复字样
方大股份:北京市尚公律师事务所关于方大股份的补充法律意见书（一）.pdf
该文件没有回复字样
公司名字为:广东驱动力生物科技股份有限公司
['驱动力:驱动力及华安证券关于第一轮问询的回复.pdf', '驱动力:大华会计师事务所（特殊普通合伙）关于驱动力第一轮问询的回复.pdf', '驱动力:关于广东驱动力生物科技股份有限公司精选层挂牌申请文件的审查问询函.pdf', '驱动力:关于广东驱动力生物科技股份有限公司精选层挂牌申请文件的第二轮审查问询函.pdf', '驱动力:北京市中伦律师事务所关于驱动力的补充法律意见书（一）.pdf']
驱动力:驱动力及华安证券关于第一轮问询的回复.pdf
/home/liudong/CODE/before_work/project_train/company/广东驱动力生物科技股份有限公司/驱动力:驱动力及华安证券关于第一轮问询的回复.pdf
开始调用invoke_api
zip文件下载并解压成功
驱动力:大华会计师事务所（特殊普通合伙）关于驱动力第一轮问询的回复.pdf
/home/liudong/CODE/before_work/project_train/company/广东驱动力生物科技股份有限公司/驱动力:大华会计师事务所（特殊普通合伙）关于驱动力第一轮问询的回复.pdf
开始调用invoke_api
zip文件下载并解压成功
驱动力:关于广东驱动力生物科技股份有限公司精选层挂牌申请文件的审查问询函.pdf
该文件没有回复字样
驱动力:关于广东驱动力生物科技股份有限公司精选层挂牌申请文件的第二轮审查问询函.pdf
该文件没有回复字样
驱动力:北京市中伦律师事务所关于驱动力的补充法律意见书（一）.pdf
该文件没有回复字样
公司名字为:大连连城数控机器股份有限公司
['连城数控:信永中和会计师事务所关于连城数控第一轮问询的回复.pdf', '连城数控:国浩律师（上海）事务所关于连城数控的补充法律意见书（二）.pdf', '连城数控:连城数控及开源证券关于落实挂牌委员会审议会议意见的函的回复.pdf', '连城数控:国浩律师（上海）事务所关于连城数控的补充法律意见书（一）.pdf', '连城数控:信永中和会计师事务所（特殊普通合伙）关于落实挂牌委员会审议会议意见的函的回复.pdf', '连城数控:连城数控及开源证券关于第一轮问询的回复.pdf', '连城数控:关于落实挂牌委员会审议会议意见的函.pdf', '连城数控:关于大连连城数控机器股份有限公司精选层挂牌申请文件的审查问询函.pdf']
连城数控:信永中和会计师事务所关于连城数控第一轮问询的回复.pdf
/home/liudong/CODE/before_work/project_train/company/大连连城数控机器股份有限公司/连城数控:信永中和会计师事务所关于连城数控第一轮问询的回复.pdf
开始调用invoke_api
zip文件下载并解压成功
连城数控:国浩律师（上海）事务所关于连城数控的补充法律意见书（二）.pdf
该文件没有回复字样
连城数控:连城数控及开源证券关于落实挂牌委员会审议会议意见的函的回复.pdf
/home/liudong/CODE/before_work/project_train/company/大连连城数控机器股份有限公司/连城数控:连城数控及开源证券关于落实挂牌委员会审议会议意见的函的回复.pdf
开始调用invoke_api
zip文件下载并解压成功
连城数控:国浩律师（上海）事务所关于连城数控的补充法律意见书（一）.pdf
该文件没有回复字样
连城数控:信永中和会计师事务所（特殊普通合伙）关于落实挂牌委员会审议会议意见的函的回复.pdf
/home/liudong/CODE/before_work/project_train/company/大连连城数控机器股份有限公司/连城数控:信永中和会计师事务所（特殊普通合伙）关于落实挂牌委员会审议会议意见的函的回复.pdf
开始调用invoke_api
zip文件下载并解压成功
连城数控:连城数控及开源证券关于第一轮问询的回复.pdf
/home/liudong/CODE/before_work/project_train/company/大连连城数控机器股份有限公司/连城数控:连城数控及开源证券关于第一轮问询的回复.pdf
开始调用invoke_api
zip文件下载并解压成功
连城数控:关于落实挂牌委员会审议会议意见的函.pdf
该文件没有回复字样
连城数控:关于大连连城数控机器股份有限公司精选层挂牌申请文件的审查问询函.pdf
该文件没有回复字样
公司名字为:大连盖世健康食品股份有限公司
['盖世食品:关于大连盖世健康食品股份有限公司精选层挂牌申请文件的审查问询函.pdf']
盖世食品:关于大连盖世健康食品股份有限公司精选层挂牌申请文件的审查问询函.pdf
该文件没有回复字样
公司名字为:中大建设股份有限公司
['中大股份:中大股份及安信证券关于第一轮问询的回复.pdf', '中大股份:北京龙佑律师事务所关于中大股份的补充法律意见书（一）.pdf', '中大股份:大华会计师事务所（特殊普通合伙）关于中大股份第一轮问询的回复.pdf', '中大股份:关于中大建设股份有限公司精选层挂牌申请文件的第二轮审查问询函.pdf', '中大股份:关于中大建设股份有限公司精选层挂牌申请文件的审查问询函.pdf']
中大股份:中大股份及安信证券关于第一轮问询的回复.pdf
/home/liudong/CODE/before_work/project_train/company/中大建设股份有限公司/中大股份:中大股份及安信证券关于第一轮问询的回复.pdf
开始调用invoke_api
zip文件下载并解压成功
中大股份:北京龙佑律师事务所关于中大股份的补充法律意见书（一）.pdf
该文件没有回复字样
中大股份:大华会计师事务所（特殊普通合伙）关于中大股份第一轮问询的回复.pdf
/home/liudong/CODE/before_work/project_train/company/中大建设股份有限公司/中大股份:大华会计师事务所（特殊普通合伙）关于中大股份第一轮问询的回复.pdf
开始调用invoke_api
zip文件下载并解压成功
中大股份:关于中大建设股份有限公司精选层挂牌申请文件的第二轮审查问询函.pdf
该文件没有回复字样
中大股份:关于中大建设股份有限公司精选层挂牌申请文件的审查问询函.pdf
该文件没有回复字样
公司名字为:同辉佳视（北京）信息技术股份有限公司
['同辉信息:关于同辉佳视（北京）信息技术股份有限公司精选层挂牌申请文件的审查问询函.pdf', '同辉信息:关于同辉佳视（北京）信息技术股份有限公司精选层挂牌申请文件的第二轮审查问询函.pdf', '同辉信息:8-3北京市中银律师事务所关于同辉信息的补充法律意见书（一）（2020年一季报财务数据版）.pdf', '同辉信息:8-1同辉信息及申港证券关于第一轮问询的回复（2020年一季报财务数据版）.pdf', '同辉信息:8-2大信会计师事务所（特殊普通合伙）关于同辉信息第一轮问询的回复（2020年一季报财务数据版）.pdf']
同辉信息:关于同辉佳视（北京）信息技术股份有限公司精选层挂牌申请文件的审查问询函.pdf
该文件没有回复字样
同辉信息:关于同辉佳视（北京）信息技术股份有限公司精选层挂牌申请文件的第二轮审查问询函.pdf
该文件没有回复字样
同辉信息:8-3北京市中银律师事务所关于同辉信息的补充法律意见书（一）（2020年一季报财务数据版）.pdf
该文件没有回复字样
同辉信息:8-1同辉信息及申港证券关于第一轮问询的回复（2020年一季报财务数据版）.pdf
/home/liudong/CODE/before_work/project_train/company/同辉佳视（北京）信息技术股份有限公司/同辉信息:8-1同辉信息及申港证券关于第一轮问询的回复（2020年一季报财务数据版）.pdf
开始调用invoke_api
zip文件下载并解压成功
同辉信息:8-2大信会计师事务所（特殊普通合伙）关于同辉信息第一轮问询的回复（2020年一季报财务数据版）.pdf
/home/liudong/CODE/before_work/project_train/company/同辉佳视（北京）信息技术股份有限公司/同辉信息:8-2大信会计师事务所（特殊普通合伙）关于同辉信息第一轮问询的回复（2020年一季报财务数据版）.pdf
开始调用invoke_api
zip文件下载并解压成功
公司名字为:广东奥迪威传感科技股份有限公司
[]
公司名字为:北京世纪国源科技股份有限公司
['国源科技:北京市盈科律师事务所关于国源科技的补充法律意见书（一）.pdf', '国源科技:北京世纪国源科技股份有限公司关于落实挂牌委员会审议会议意见的函的回复.pdf', '国源科技:国源科技及国元证券关于第一轮问询的回复.pdf', '国源科技:天健会计师事务所（特殊普通合伙）关于国源科技第一轮问询的回复.pdf', '国源科技:关于北京世纪国源科技股份有限公司精选层挂牌申请文件的审查问询函.pdf', '国源科技:关于落实挂牌委员会审议会议意见的函.pdf']
国源科技:北京市盈科律师事务所关于国源科技的补充法律意见书（一）.pdf
该文件没有回复字样
国源科技:北京世纪国源科技股份有限公司关于落实挂牌委员会审议会议意见的函的回复.pdf
/home/liudong/CODE/before_work/project_train/company/北京世纪国源科技股份有限公司/国源科技:北京世纪国源科技股份有限公司关于落实挂牌委员会审议会议意见的函的回复.pdf
开始调用invoke_api
zip文件下载并解压成功
国源科技:国源科技及国元证券关于第一轮问询的回复.pdf
/home/liudong/CODE/before_work/project_train/company/北京世纪国源科技股份有限公司/国源科技:国源科技及国元证券关于第一轮问询的回复.pdf
开始调用invoke_api
zip文件下载并解压成功
国源科技:天健会计师事务所（特殊普通合伙）关于国源科技第一轮问询的回复.pdf
/home/liudong/CODE/before_work/project_train/company/北京世纪国源科技股份有限公司/国源科技:天健会计师事务所（特殊普通合伙）关于国源科技第一轮问询的回复.pdf
开始调用invoke_api
zip文件下载并解压成功
国源科技:关于北京世纪国源科技股份有限公司精选层挂牌申请文件的审查问询函.pdf
该文件没有回复字样
国源科技:关于落实挂牌委员会审议会议意见的函.pdf
该文件没有回复字样
公司名字为:本贸科技股份有限公司
[]
公司名字为:山东丰源生物质发电股份公司
['丰源股份:关于山东丰源生物质发电股份公司精选层挂牌申请文件的审查问询函.pdf']
丰源股份:关于山东丰源生物质发电股份公司精选层挂牌申请文件的审查问询函.pdf
该文件没有回复字样
公司名字为:北京诺思兰德生物技术股份有限公司
['诺思兰德:关于北京诺思兰德生物技术股份有限公司精选层挂牌申请文件的审查问询函.pdf']
诺思兰德:关于北京诺思兰德生物技术股份有限公司精选层挂牌申请文件的审查问询函.pdf
该文件没有回复字样
公司名字为:上海远茂企业发展股份有限公司
[]
公司名字为:东亚装饰股份有限公司
['东亚装饰:关于东亚装饰股份有限公司精选层挂牌申请文件的审查问询函.pdf']
东亚装饰:关于东亚装饰股份有限公司精选层挂牌申请文件的审查问询函.pdf
该文件没有回复字样

Process finished with exit code 0
